2016-06-22_16:54:10 ERROR lua_scripts/Misc/ItemAreaRestrict.lua:12: Couldn't find a item with (ID: 125253)!
2016-06-22_16:54:10 ERROR lua_scripts/Misc/Redeem.lua:100: Couldn't find a creature with (ID: 187005)!
2016-06-22_16:54:10 ERROR lua_scripts/Tokens/ProfessionToken.lua:176: Couldn't find a item with (ID: 777998)!
2016-06-22_16:54:10 ERROR lua_scripts/AIO_Objects.lua:889: assertion failed!
2016-06-22_16:55:53 ERROR lua_scripts/Misc/ItemAreaRestrict.lua:12: Couldn't find a item with (ID: 125253)!
2016-06-22_16:55:53 ERROR lua_scripts/Misc/Redeem.lua:100: Couldn't find a creature with (ID: 187005)!
2016-06-22_16:55:53 ERROR lua_scripts/Tokens/ProfessionToken.lua:176: Couldn't find a item with (ID: 777998)!
2016-06-22_16:55:53 ERROR lua_scripts/AIO_Objects.lua:889: assertion failed!
2016-06-22_17:16:17 ERROR lua_scripts/Tokens/ProfessionToken.lua:176: Couldn't find a item with (ID: 777998)!
2016-06-22_17:16:17 ERROR lua_scripts/AIO_Objects.lua:889: assertion failed!
2016-06-22_17:16:17 ERROR [Eluna]: Error loading `lua_scripts/update_lua.lua`
2016-06-22_17:16:17 ERROR lua_scripts/update_lua.lua:22: <eof> expected near 'end'
2016-06-22_17:17:30 ERROR lua_scripts/Tokens/ProfessionToken.lua:176: Couldn't find a item with (ID: 777998)!
2016-06-22_17:17:30 ERROR lua_scripts/AIO_Objects.lua:889: assertion failed!
2016-06-22_17:17:30 ERROR [Eluna]: Error loading `lua_scripts/update_lua.lua`
2016-06-22_17:17:30 ERROR lua_scripts/update_lua.lua:22: <eof> expected near 'end'
2016-06-22_17:17:41 ERROR lua_scripts/Tokens/ProfessionToken.lua:176: Couldn't find a item with (ID: 777998)!
2016-06-22_17:17:41 ERROR lua_scripts/AIO_Objects.lua:889: assertion failed!
2016-06-22_17:17:41 ERROR [Eluna]: Error loading `lua_scripts/update_lua.lua`
2016-06-22_17:17:41 ERROR lua_scripts/update_lua.lua:22: <eof> expected near 'end'
2016-06-22_17:21:35 ERROR lua_scripts/Tokens/ProfessionToken.lua:176: Couldn't find a item with (ID: 777998)!
2016-06-22_17:21:35 ERROR lua_scripts/AIO_Objects.lua:889: assertion failed!
2016-06-22_17:23:09 ERROR lua_scripts/AIO_Objects.lua:889: assertion failed!
2016-06-22_17:33:47 ERROR lua_scripts/AIO_Objects.lua:1016: attempt to call method 'AddBlock' (a nil value)
2016-06-22_17:33:49 ERROR lua_scripts/AIO_Objects.lua:1016: attempt to call method 'AddBlock' (a nil value)
2016-06-22_17:33:50 ERROR lua_scripts/AIO_Objects.lua:1016: attempt to call method 'AddBlock' (a nil value)
2016-06-22_17:33:52 ERROR lua_scripts/AIO_Objects.lua:1016: attempt to call method 'AddBlock' (a nil value)
2016-06-22_17:33:55 ERROR lua_scripts/AIO_Objects.lua:1016: attempt to call method 'AddBlock' (a nil value)
2016-06-22_17:34:56 ERROR lua_scripts/interface/awakening_ui.lua:442: attempt to index global 'frame' (a nil value)
2016-06-22_17:37:55 ERROR lua_scripts/AIO_Objects.lua:889: assertion failed!
2016-06-22_17:39:09 ERROR lua_scripts/interface/awakening_ui.lua:442: attempt to index global 'frame' (a nil value)
2016-06-22_17:40:02 ERROR lua_scripts/AIO_Objects.lua:889: assertion failed!
2016-06-22_17:40:12 ERROR lua_scripts/AIO_Objects.lua:1016: attempt to call method 'AddBlock' (a nil value)
2016-06-22_17:40:12 ERROR lua_scripts/AIO_Objects.lua:1016: attempt to call method 'AddBlock' (a nil value)
2016-06-22_17:40:13 ERROR lua_scripts/AIO_Objects.lua:1016: attempt to call method 'AddBlock' (a nil value)
2016-06-22_17:40:14 ERROR lua_scripts/AIO_Objects.lua:1016: attempt to call method 'AddBlock' (a nil value)
2016-06-22_17:40:15 ERROR lua_scripts/AIO_Objects.lua:1016: attempt to call method 'AddBlock' (a nil value)
2016-06-22_17:40:15 ERROR lua_scripts/AIO_Objects.lua:1016: attempt to call method 'AddBlock' (a nil value)
2016-06-22_17:40:16 ERROR lua_scripts/AIO_Objects.lua:1016: attempt to call method 'AddBlock' (a nil value)
2016-06-22_17:40:16 ERROR lua_scripts/AIO_Objects.lua:1016: attempt to call method 'AddBlock' (a nil value)
2016-06-22_17:40:17 ERROR lua_scripts/AIO_Objects.lua:1016: attempt to call method 'AddBlock' (a nil value)
2016-06-22_17:40:17 ERROR lua_scripts/AIO_Objects.lua:1016: attempt to call method 'AddBlock' (a nil value)
2016-06-22_17:40:18 ERROR lua_scripts/AIO_Objects.lua:1016: attempt to call method 'AddBlock' (a nil value)
2016-06-22_17:40:18 ERROR lua_scripts/AIO_Objects.lua:1016: attempt to call method 'AddBlock' (a nil value)
2016-06-22_17:40:20 ERROR lua_scripts/AIO_Objects.lua:1016: attempt to call method 'AddBlock' (a nil value)
2016-06-22_17:40:20 ERROR lua_scripts/AIO_Objects.lua:1016: attempt to call method 'AddBlock' (a nil value)
2016-06-22_17:40:22 ERROR lua_scripts/AIO_Objects.lua:1016: attempt to call method 'AddBlock' (a nil value)
2016-06-22_17:40:22 ERROR lua_scripts/AIO_Objects.lua:1016: attempt to call method 'AddBlock' (a nil value)
2016-06-22_17:40:24 ERROR lua_scripts/AIO_Objects.lua:1016: attempt to call method 'AddBlock' (a nil value)
2016-06-22_17:40:24 ERROR lua_scripts/AIO_Objects.lua:1016: attempt to call method 'AddBlock' (a nil value)
2016-06-22_17:43:08 ERROR lua_scripts/AIO_Objects.lua:889: assertion failed!
2016-06-22_17:43:17 ERROR lua_scripts/AIO_Objects.lua:1016: attempt to call method 'AddBlock' (a nil value)
2016-06-22_17:43:17 ERROR lua_scripts/AIO_Objects.lua:1016: attempt to call method 'AddBlock' (a nil value)
2016-06-22_17:43:18 ERROR lua_scripts/AIO_Objects.lua:1016: attempt to call method 'AddBlock' (a nil value)
2016-06-22_17:43:18 ERROR lua_scripts/AIO_Objects.lua:1016: attempt to call method 'AddBlock' (a nil value)
2016-06-22_17:43:19 ERROR lua_scripts/AIO_Objects.lua:1016: attempt to call method 'AddBlock' (a nil value)
2016-06-22_17:43:19 ERROR lua_scripts/AIO_Objects.lua:1016: attempt to call method 'AddBlock' (a nil value)
2016-06-22_17:43:20 ERROR lua_scripts/AIO_Objects.lua:1016: attempt to call method 'AddBlock' (a nil value)
2016-06-22_17:43:20 ERROR lua_scripts/AIO_Objects.lua:1016: attempt to call method 'AddBlock' (a nil value)
2016-06-22_17:43:21 ERROR lua_scripts/AIO_Objects.lua:1016: attempt to call method 'AddBlock' (a nil value)
2016-06-22_17:43:21 ERROR lua_scripts/AIO_Objects.lua:1016: attempt to call method 'AddBlock' (a nil value)
2016-06-22_17:47:16 ERROR lua_scripts/AIO_Objects.lua:889: assertion failed!
2016-06-22_17:47:26 ERROR lua_scripts/AIO_Objects.lua:1016: attempt to call method 'AddBlock' (a nil value)
2016-06-22_17:47:26 ERROR lua_scripts/AIO_Objects.lua:1016: attempt to call method 'AddBlock' (a nil value)
2016-06-22_17:47:27 ERROR lua_scripts/AIO_Objects.lua:1016: attempt to call method 'AddBlock' (a nil value)
2016-06-22_17:47:28 ERROR lua_scripts/AIO_Objects.lua:1016: attempt to call method 'AddBlock' (a nil value)
2016-06-22_17:47:28 ERROR lua_scripts/AIO_Objects.lua:1016: attempt to call method 'AddBlock' (a nil value)
2016-06-22_17:47:28 ERROR lua_scripts/AIO_Objects.lua:1016: attempt to call method 'AddBlock' (a nil value)
2016-06-22_17:47:38 ERROR lua_scripts/AIO_Objects.lua:1016: attempt to call method 'AddBlock' (a nil value)
2016-06-22_17:47:38 ERROR lua_scripts/AIO_Objects.lua:1016: attempt to call method 'AddBlock' (a nil value)
2016-06-22_17:47:39 ERROR lua_scripts/AIO_Objects.lua:1016: attempt to call method 'AddBlock' (a nil value)
2016-06-22_17:47:39 ERROR lua_scripts/AIO_Objects.lua:1016: attempt to call method 'AddBlock' (a nil value)
2016-06-22_17:48:35 ERROR lua_scripts/AIO_Objects.lua:889: assertion failed!
2016-06-22_17:48:53 ERROR lua_scripts/AIO_Objects.lua:1016: attempt to call method 'AddBlock' (a nil value)
2016-06-22_17:48:53 ERROR lua_scripts/AIO_Objects.lua:1016: attempt to call method 'AddBlock' (a nil value)
2016-06-22_17:48:54 ERROR lua_scripts/AIO_Objects.lua:1016: attempt to call method 'AddBlock' (a nil value)
2016-06-22_17:48:54 ERROR lua_scripts/AIO_Objects.lua:1016: attempt to call method 'AddBlock' (a nil value)
2016-06-22_17:50:39 ERROR lua_scripts/AIO_Objects.lua:889: assertion failed!
2016-06-22_17:51:40 ERROR lua_scripts/AIO_Objects.lua:889: assertion failed!
2016-06-22_17:53:31 ERROR lua_scripts/AIO_Objects.lua:889: assertion failed!
2016-06-22_17:54:19 ERROR lua_scripts/AIO_Objects.lua:889: assertion failed!
2016-06-22_17:54:31 ERROR lua_scripts/AIO_Objects.lua:1016: attempt to call method 'AddBlock' (a nil value)
2016-06-22_17:54:31 ERROR lua_scripts/AIO_Objects.lua:1016: attempt to call method 'AddBlock' (a nil value)
2016-06-22_17:55:02 ERROR lua_scripts/AIO_Objects.lua:889: assertion failed!
2016-06-22_17:56:10 ERROR lua_scripts/AIO_Objects.lua:1016: attempt to call method 'AddBlock' (a nil value)
2016-06-22_17:56:10 ERROR lua_scripts/AIO_Objects.lua:1016: attempt to call method 'AddBlock' (a nil value)
2016-06-22_17:56:19 ERROR lua_scripts/AIO_Objects.lua:889: assertion failed!
2016-06-22_17:56:29 ERROR lua_scripts/AIO_Objects.lua:1016: attempt to call method 'AddBlock' (a nil value)
2016-06-22_17:56:29 ERROR lua_scripts/AIO_Objects.lua:1016: attempt to call method 'AddBlock' (a nil value)
2016-06-22_17:56:30 ERROR lua_scripts/AIO_Objects.lua:1016: attempt to call method 'AddBlock' (a nil value)
2016-06-22_17:56:30 ERROR lua_scripts/AIO_Objects.lua:1016: attempt to call method 'AddBlock' (a nil value)
2016-06-22_17:56:31 ERROR lua_scripts/AIO_Objects.lua:1016: attempt to call method 'AddBlock' (a nil value)
2016-06-22_17:56:31 ERROR lua_scripts/AIO_Objects.lua:1016: attempt to call method 'AddBlock' (a nil value)
2016-06-22_17:56:31 ERROR lua_scripts/AIO_Objects.lua:1016: attempt to call method 'AddBlock' (a nil value)
2016-06-22_17:56:31 ERROR lua_scripts/AIO_Objects.lua:1016: attempt to call method 'AddBlock' (a nil value)
2016-06-22_17:56:32 ERROR lua_scripts/AIO_Objects.lua:1016: attempt to call method 'AddBlock' (a nil value)
2016-06-22_17:56:32 ERROR lua_scripts/AIO_Objects.lua:1016: attempt to call method 'AddBlock' (a nil value)
2016-06-22_17:56:33 ERROR lua_scripts/AIO_Objects.lua:1016: attempt to call method 'AddBlock' (a nil value)
2016-06-22_17:56:33 ERROR lua_scripts/AIO_Objects.lua:1016: attempt to call method 'AddBlock' (a nil value)
2016-06-22_17:57:23 ERROR lua_scripts/AIO_Objects.lua:889: assertion failed!
2016-06-22_17:58:00 ERROR lua_scripts/AIO_Objects.lua:1016: attempt to call method 'AddBlock' (a nil value)
2016-06-22_17:58:00 ERROR lua_scripts/AIO_Objects.lua:1016: attempt to call method 'AddBlock' (a nil value)
2016-06-22_17:58:02 ERROR lua_scripts/AIO_Objects.lua:1016: attempt to call method 'AddBlock' (a nil value)
2016-06-22_17:58:03 ERROR lua_scripts/AIO_Objects.lua:1016: attempt to call method 'AddBlock' (a nil value)
2016-06-22_17:58:15 ERROR lua_scripts/AIO_Objects.lua:889: assertion failed!
2016-06-22_17:58:55 ERROR lua_scripts/AIO_Objects.lua:889: assertion failed!
2016-06-22_17:59:02 ERROR lua_scripts/AIO_Objects.lua:889: assertion failed!
2016-06-22_17:59:14 ERROR lua_scripts/AIO_Objects.lua:1016: attempt to call method 'AddBlock' (a nil value)
2016-06-22_17:59:14 ERROR lua_scripts/AIO_Objects.lua:1016: attempt to call method 'AddBlock' (a nil value)
2016-06-22_17:59:14 ERROR lua_scripts/AIO_Objects.lua:1016: attempt to call method 'AddBlock' (a nil value)
2016-06-22_17:59:15 ERROR lua_scripts/AIO_Objects.lua:1016: attempt to call method 'AddBlock' (a nil value)
2016-06-22_17:59:51 ERROR lua_scripts/AIO_Objects.lua:1016: attempt to call method 'AddBlock' (a nil value)
2016-06-22_17:59:51 ERROR lua_scripts/AIO_Objects.lua:1016: attempt to call method 'AddBlock' (a nil value)
2016-06-23_03:49:50 ERROR [Eluna]: Error loading `lua_scripts/awakening_functions.lua`
2016-06-23_03:49:50 ERROR lua_scripts/awakening_functions.lua:220: function arguments expected near ']'
2016-06-23_03:49:50 ERROR lua_scripts/AIO_Objects.lua:889: assertion failed!
2016-06-23_03:49:56 ERROR lua_scripts/interface/awakening_ui.lua:716: attempt to index global 'statpoints_cache' (a nil value)
2016-06-23_03:50:13 ERROR lua_scripts/interface/awakening_ui.lua:716: attempt to index global 'statpoints_cache' (a nil value)
2016-06-23_03:50:24 ERROR [Eluna]: Error loading `lua_scripts/awakening_functions.lua`
2016-06-23_03:50:24 ERROR lua_scripts/awakening_functions.lua:220: function arguments expected near ']'
2016-06-23_03:50:24 ERROR lua_scripts/AIO_Objects.lua:889: assertion failed!
2016-06-23_03:50:32 ERROR lua_scripts/interface/awakening_ui.lua:716: attempt to index global 'statpoints_cache' (a nil value)
2016-06-23_03:53:40 ERROR [Eluna]: Error loading `lua_scripts/awakening_functions.lua`
2016-06-23_03:53:40 ERROR lua_scripts/awakening_functions.lua:1: syntax error near 'to'
2016-06-23_03:53:41 ERROR lua_scripts/AIO_Objects.lua:889: assertion failed!
2016-06-23_03:53:47 ERROR lua_scripts/interface/awakening_ui.lua:716: attempt to index global 'statpoints_cache' (a nil value)
2016-06-23_03:53:51 ERROR lua_scripts/interface/awakening_ui.lua:726: attempt to index global 'statpoints_cache' (a nil value)
2016-06-23_03:53:52 ERROR lua_scripts/interface/awakening_ui.lua:770: attempt to index global 'statpoints_cache' (a nil value)
2016-06-23_03:53:52 ERROR lua_scripts/interface/awakening_ui.lua:814: attempt to index global 'statpoints_cache' (a nil value)
2016-06-23_03:53:53 ERROR lua_scripts/interface/awakening_ui.lua:860: attempt to index global 'statpoints_cache' (a nil value)
2016-06-23_03:53:53 ERROR lua_scripts/interface/awakening_ui.lua:904: attempt to index global 'statpoints_cache' (a nil value)
2016-06-23_03:54:13 ERROR lua_scripts/interface/awakening_ui.lua:726: attempt to index global 'statpoints_cache' (a nil value)
2016-06-23_03:54:13 ERROR lua_scripts/interface/awakening_ui.lua:726: attempt to index global 'statpoints_cache' (a nil value)
2016-06-23_03:54:13 ERROR lua_scripts/interface/awakening_ui.lua:726: attempt to index global 'statpoints_cache' (a nil value)
2016-06-23_03:54:13 ERROR lua_scripts/interface/awakening_ui.lua:726: attempt to index global 'statpoints_cache' (a nil value)
2016-06-23_03:54:13 ERROR lua_scripts/interface/awakening_ui.lua:726: attempt to index global 'statpoints_cache' (a nil value)
2016-06-23_03:54:14 ERROR lua_scripts/interface/awakening_ui.lua:726: attempt to index global 'statpoints_cache' (a nil value)
2016-06-23_03:56:32 ERROR [Eluna]: Error loading `lua_scripts/awakening_functions.lua`
2016-06-23_03:56:32 ERROR lua_scripts/awakening_functions.lua:1: syntax error near 'to'
2016-06-23_03:56:32 ERROR lua_scripts/AIO_Objects.lua:889: assertion failed!
2016-06-23_03:57:07 ERROR lua_scripts/interface/awakening_ui.lua:716: attempt to index global 'statpoints_cache' (a nil value)
2016-06-23_03:57:15 ERROR lua_scripts/interface/awakening_ui.lua:793: attempt to index global 'stat_cache' (a nil value)
2016-06-23_03:57:15 ERROR lua_scripts/interface/awakening_ui.lua:793: attempt to index global 'stat_cache' (a nil value)
2016-06-23_03:57:15 ERROR lua_scripts/interface/awakening_ui.lua:793: attempt to index global 'stat_cache' (a nil value)
2016-06-23_03:57:15 ERROR lua_scripts/interface/awakening_ui.lua:793: attempt to index global 'stat_cache' (a nil value)
2016-06-23_03:57:16 ERROR lua_scripts/interface/awakening_ui.lua:793: attempt to index global 'stat_cache' (a nil value)
2016-06-23_03:57:16 ERROR lua_scripts/interface/awakening_ui.lua:793: attempt to index global 'stat_cache' (a nil value)
2016-06-23_03:57:16 ERROR lua_scripts/interface/awakening_ui.lua:838: attempt to index global 'stat_cache' (a nil value)
2016-06-23_03:57:16 ERROR lua_scripts/interface/awakening_ui.lua:838: attempt to index global 'stat_cache' (a nil value)
2016-06-23_03:57:16 ERROR lua_scripts/interface/awakening_ui.lua:838: attempt to index global 'stat_cache' (a nil value)
2016-06-23_03:57:17 ERROR lua_scripts/interface/awakening_ui.lua:883: attempt to index global 'stat_cache' (a nil value)
2016-06-23_03:57:17 ERROR lua_scripts/interface/awakening_ui.lua:883: attempt to index global 'stat_cache' (a nil value)
2016-06-23_03:57:17 ERROR lua_scripts/interface/awakening_ui.lua:883: attempt to index global 'stat_cache' (a nil value)
2016-06-23_03:57:17 ERROR lua_scripts/interface/awakening_ui.lua:883: attempt to index global 'stat_cache' (a nil value)
2016-06-23_03:57:17 ERROR lua_scripts/interface/awakening_ui.lua:927: attempt to index global 'stat_cache' (a nil value)
2016-06-23_03:57:18 ERROR lua_scripts/interface/awakening_ui.lua:927: attempt to index global 'stat_cache' (a nil value)
2016-06-23_03:57:18 ERROR lua_scripts/interface/awakening_ui.lua:927: attempt to index global 'stat_cache' (a nil value)
2016-06-23_03:57:18 ERROR lua_scripts/interface/awakening_ui.lua:927: attempt to index global 'stat_cache' (a nil value)
2016-06-23_03:59:28 ERROR [Eluna]: Error loading `lua_scripts/awakening_functions.lua`
2016-06-23_03:59:28 ERROR lua_scripts/awakening_functions.lua:1: syntax error near 'to'
2016-06-23_03:59:28 ERROR lua_scripts/AIO_Objects.lua:889: assertion failed!
2016-06-23_03:59:37 ERROR lua_scripts/interface/awakening_ui.lua:716: attempt to index global 'statpoints_cache' (a nil value)
2016-06-23_04:01:46 ERROR [Eluna]: Error loading `lua_scripts/awakening_functions.lua`
2016-06-23_04:01:46 ERROR lua_scripts/awakening_functions.lua:1: syntax error near 'to'
2016-06-23_04:01:47 ERROR lua_scripts/AIO_Objects.lua:889: assertion failed!
2016-06-23_04:01:53 ERROR lua_scripts/interface/awakening_ui.lua:713: attempt to index global 'statpoints_cache' (a nil value)
2016-06-23_04:01:57 ERROR lua_scripts/interface/awakening_ui.lua:723: attempt to index global 'statpoints_cache' (a nil value)
2016-06-23_04:01:57 ERROR lua_scripts/interface/awakening_ui.lua:723: attempt to index global 'statpoints_cache' (a nil value)
2016-06-23_04:01:57 ERROR lua_scripts/interface/awakening_ui.lua:723: attempt to index global 'statpoints_cache' (a nil value)
2016-06-23_04:01:57 ERROR lua_scripts/interface/awakening_ui.lua:723: attempt to index global 'statpoints_cache' (a nil value)
2016-06-23_04:01:57 ERROR lua_scripts/interface/awakening_ui.lua:723: attempt to index global 'statpoints_cache' (a nil value)
2016-06-23_04:01:58 ERROR lua_scripts/interface/awakening_ui.lua:723: attempt to index global 'statpoints_cache' (a nil value)
2016-06-23_04:01:58 ERROR lua_scripts/interface/awakening_ui.lua:767: attempt to index global 'statpoints_cache' (a nil value)
2016-06-23_04:01:59 ERROR lua_scripts/interface/awakening_ui.lua:767: attempt to index global 'statpoints_cache' (a nil value)
2016-06-23_04:01:59 ERROR lua_scripts/interface/awakening_ui.lua:811: attempt to index global 'statpoints_cache' (a nil value)
2016-06-23_04:01:59 ERROR lua_scripts/interface/awakening_ui.lua:811: attempt to index global 'statpoints_cache' (a nil value)
2016-06-23_04:02:00 ERROR lua_scripts/interface/awakening_ui.lua:857: attempt to index global 'statpoints_cache' (a nil value)
2016-06-23_04:02:00 ERROR lua_scripts/interface/awakening_ui.lua:857: attempt to index global 'statpoints_cache' (a nil value)
2016-06-23_04:02:00 ERROR lua_scripts/interface/awakening_ui.lua:901: attempt to index global 'statpoints_cache' (a nil value)
2016-06-23_04:02:00 ERROR lua_scripts/interface/awakening_ui.lua:901: attempt to index global 'statpoints_cache' (a nil value)
2016-06-23_13:41:44 ERROR lua_scripts/interface/awakening_ui.lua:713: attempt to index global 'statpoints_cache' (a nil value)
2016-06-23_13:41:58 ERROR lua_scripts/interface/awakening_ui.lua:723: attempt to index global 'statpoints_cache' (a nil value)
2016-06-23_13:41:58 ERROR lua_scripts/interface/awakening_ui.lua:723: attempt to index global 'statpoints_cache' (a nil value)
2016-06-23_13:41:59 ERROR lua_scripts/interface/awakening_ui.lua:723: attempt to index global 'statpoints_cache' (a nil value)
2016-06-23_13:41:59 ERROR lua_scripts/interface/awakening_ui.lua:767: attempt to index global 'statpoints_cache' (a nil value)
2016-06-23_13:41:59 ERROR lua_scripts/interface/awakening_ui.lua:767: attempt to index global 'statpoints_cache' (a nil value)
2016-06-23_13:41:59 ERROR lua_scripts/interface/awakening_ui.lua:767: attempt to index global 'statpoints_cache' (a nil value)
2016-06-23_13:42:00 ERROR lua_scripts/interface/awakening_ui.lua:811: attempt to index global 'statpoints_cache' (a nil value)
2016-06-23_13:42:00 ERROR lua_scripts/interface/awakening_ui.lua:811: attempt to index global 'statpoints_cache' (a nil value)
2016-06-23_13:42:00 ERROR lua_scripts/interface/awakening_ui.lua:811: attempt to index global 'statpoints_cache' (a nil value)
2016-06-23_13:42:00 ERROR lua_scripts/interface/awakening_ui.lua:857: attempt to index global 'statpoints_cache' (a nil value)
2016-06-23_13:42:00 ERROR lua_scripts/interface/awakening_ui.lua:857: attempt to index global 'statpoints_cache' (a nil value)
2016-06-23_13:42:01 ERROR lua_scripts/interface/awakening_ui.lua:857: attempt to index global 'statpoints_cache' (a nil value)
2016-06-23_13:42:01 ERROR lua_scripts/interface/awakening_ui.lua:901: attempt to index global 'statpoints_cache' (a nil value)
2016-06-23_13:42:01 ERROR lua_scripts/interface/awakening_ui.lua:901: attempt to index global 'statpoints_cache' (a nil value)
2016-06-23_13:42:01 ERROR lua_scripts/interface/awakening_ui.lua:901: attempt to index global 'statpoints_cache' (a nil value)
2016-06-23_13:42:01 ERROR lua_scripts/interface/awakening_ui.lua:901: attempt to index global 'statpoints_cache' (a nil value)
2016-06-23_13:46:44 ERROR lua_scripts/interface/awakening_ui.lua:713: attempt to index global 'statpoints_cache' (a nil value)
2016-06-23_13:46:56 ERROR [Eluna]: Error loading `lua_scripts/awakening_functions.lua`
2016-06-23_13:46:56 ERROR lua_scripts/awakening_functions.lua:1: syntax error near 'to'
2016-06-23_13:46:56 ERROR lua_scripts/AIO_Objects.lua:889: assertion failed!
2016-06-23_13:47:01 ERROR lua_scripts/interface/awakening_ui.lua:713: attempt to index global 'statpoints_cache' (a nil value)
2016-06-23_13:47:06 ERROR lua_scripts/interface/awakening_ui.lua:723: attempt to index global 'statpoints_cache' (a nil value)
2016-06-23_14:10:32 ERROR [Eluna]: Error loading `lua_scripts/awakening_functions.lua`
2016-06-23_14:10:32 ERROR lua_scripts/awakening_functions.lua:1: syntax error near 'to'
2016-06-23_14:10:32 ERROR lua_scripts/AIO_Objects.lua:889: assertion failed!
2016-06-23_14:10:41 ERROR lua_scripts/interface/awakening_ui.lua:713: attempt to concatenate field '?' (a nil value)
2016-06-23_14:10:45 ERROR lua_scripts/interface/awakening_ui.lua:723: attempt to compare nil with number
2016-06-23_14:10:45 ERROR lua_scripts/interface/awakening_ui.lua:723: attempt to compare nil with number
2016-06-23_14:10:45 ERROR lua_scripts/interface/awakening_ui.lua:723: attempt to compare nil with number
2016-06-23_14:10:45 ERROR lua_scripts/interface/awakening_ui.lua:723: attempt to compare nil with number
2016-06-23_14:10:46 ERROR lua_scripts/interface/awakening_ui.lua:723: attempt to compare nil with number
2016-06-23_14:10:46 ERROR lua_scripts/interface/awakening_ui.lua:723: attempt to compare nil with number
2016-06-23_14:12:07 ERROR [Eluna]: Error loading `lua_scripts/awakening_functions.lua`
2016-06-23_14:12:07 ERROR lua_scripts/awakening_functions.lua:1: syntax error near 'to'
2016-06-23_14:12:07 ERROR lua_scripts/AIO_Objects.lua:889: assertion failed!
2016-06-23_14:12:12 ERROR lua_scripts/awakening_ui.lua:713: attempt to concatenate field '?' (a nil value)
2016-06-23_14:12:18 ERROR lua_scripts/awakening_ui.lua:723: attempt to compare nil with number
2016-06-23_14:12:18 ERROR lua_scripts/awakening_ui.lua:723: attempt to compare nil with number
2016-06-23_14:12:18 ERROR lua_scripts/awakening_ui.lua:723: attempt to compare nil with number
2016-06-23_14:12:18 ERROR lua_scripts/awakening_ui.lua:723: attempt to compare nil with number
2016-06-23_14:12:18 ERROR lua_scripts/awakening_ui.lua:767: attempt to compare nil with number
2016-06-23_14:12:18 ERROR lua_scripts/awakening_ui.lua:767: attempt to compare nil with number
2016-06-23_14:12:19 ERROR lua_scripts/awakening_ui.lua:767: attempt to compare nil with number
2016-06-23_14:12:19 ERROR lua_scripts/awakening_ui.lua:767: attempt to compare nil with number
2016-06-23_14:12:19 ERROR lua_scripts/awakening_ui.lua:811: attempt to compare nil with number
2016-06-23_14:12:19 ERROR lua_scripts/awakening_ui.lua:811: attempt to compare nil with number
2016-06-23_14:12:19 ERROR lua_scripts/awakening_ui.lua:811: attempt to compare nil with number
2016-06-23_14:12:20 ERROR lua_scripts/awakening_ui.lua:811: attempt to compare nil with number
2016-06-23_14:12:20 ERROR lua_scripts/awakening_ui.lua:857: attempt to compare nil with number
2016-06-23_14:12:20 ERROR lua_scripts/awakening_ui.lua:857: attempt to compare nil with number
2016-06-23_14:12:20 ERROR lua_scripts/awakening_ui.lua:857: attempt to compare nil with number
2016-06-23_14:12:20 ERROR lua_scripts/awakening_ui.lua:901: attempt to compare nil with number
2016-06-23_14:12:21 ERROR lua_scripts/awakening_ui.lua:901: attempt to compare nil with number
2016-06-23_14:12:21 ERROR lua_scripts/awakening_ui.lua:901: attempt to compare nil with number
2016-06-23_14:12:21 ERROR lua_scripts/awakening_ui.lua:924: attempt to index global 'stat_cache' (a nil value)
2016-06-23_14:12:21 ERROR lua_scripts/awakening_ui.lua:924: attempt to index global 'stat_cache' (a nil value)
2016-06-23_14:12:22 ERROR lua_scripts/awakening_ui.lua:880: attempt to index global 'stat_cache' (a nil value)
2016-06-23_14:12:22 ERROR lua_scripts/awakening_ui.lua:880: attempt to index global 'stat_cache' (a nil value)
2016-06-23_14:12:22 ERROR lua_scripts/awakening_ui.lua:835: attempt to index global 'stat_cache' (a nil value)
2016-06-23_14:12:22 ERROR lua_scripts/awakening_ui.lua:835: attempt to index global 'stat_cache' (a nil value)
2016-06-23_14:12:23 ERROR lua_scripts/awakening_ui.lua:835: attempt to index global 'stat_cache' (a nil value)
2016-06-23_14:12:23 ERROR lua_scripts/awakening_ui.lua:835: attempt to index global 'stat_cache' (a nil value)
2016-06-23_14:12:23 ERROR lua_scripts/awakening_ui.lua:790: attempt to index global 'stat_cache' (a nil value)
2016-06-23_14:12:23 ERROR lua_scripts/awakening_ui.lua:790: attempt to index global 'stat_cache' (a nil value)
2016-06-23_14:12:23 ERROR lua_scripts/awakening_ui.lua:790: attempt to index global 'stat_cache' (a nil value)
2016-06-23_14:12:24 ERROR lua_scripts/awakening_ui.lua:790: attempt to index global 'stat_cache' (a nil value)
2016-06-23_14:12:24 ERROR lua_scripts/awakening_ui.lua:790: attempt to index global 'stat_cache' (a nil value)
2016-06-23_14:13:22 ERROR [Eluna]: Error loading `lua_scripts/awakening_functions.lua`
2016-06-23_14:13:22 ERROR lua_scripts/awakening_functions.lua:1: syntax error near 'to'
2016-06-23_14:13:23 ERROR lua_scripts/AIO_Objects.lua:889: assertion failed!
2016-06-23_14:13:28 ERROR lua_scripts/awakening_ui.lua:714: attempt to concatenate field '?' (a nil value)
2016-06-23_14:13:31 ERROR lua_scripts/awakening_ui.lua:724: attempt to compare nil with number
2016-06-23_14:13:32 ERROR lua_scripts/awakening_ui.lua:724: attempt to compare nil with number
2016-06-23_14:13:32 ERROR lua_scripts/awakening_ui.lua:724: attempt to compare nil with number
2016-06-23_14:19:14 ERROR [Eluna]: Error loading `lua_scripts/awakening_functions.lua`
2016-06-23_14:19:14 ERROR lua_scripts/awakening_functions.lua:462: syntax error near 'API'
2016-06-23_14:19:15 ERROR lua_scripts/AIO_Objects.lua:889: assertion failed!
2016-06-23_14:19:20 ERROR lua_scripts/awakening_ui.lua:714: attempt to concatenate field '?' (a nil value)
2016-06-23_14:22:12 ERROR lua_scripts/awakening_ui.lua:714: attempt to concatenate field '?' (a nil value)
2016-06-23_14:22:42 ERROR lua_scripts/awakening_ui.lua:714: attempt to concatenate field '?' (a nil value)
2016-06-23_14:25:17 ERROR [Eluna]: Error loading `lua_scripts/awakening_functions.lua`
2016-06-23_14:25:17 ERROR lua_scripts/awakening_functions.lua:462: syntax error near 'API'
2016-06-23_14:25:17 ERROR lua_scripts/AIO_Objects.lua:889: assertion failed!
2016-06-23_14:25:32 ERROR lua_scripts/awakening_ui.lua:714: attempt to index global 'statpoints_cache' (a nil value)
2016-06-23_14:25:36 ERROR lua_scripts/awakening_ui.lua:724: attempt to index global 'statpoints_cache' (a nil value)
2016-06-23_14:25:36 ERROR lua_scripts/awakening_ui.lua:724: attempt to index global 'statpoints_cache' (a nil value)
2016-06-23_14:25:36 ERROR lua_scripts/awakening_ui.lua:724: attempt to index global 'statpoints_cache' (a nil value)
2016-06-23_14:25:37 ERROR lua_scripts/awakening_ui.lua:724: attempt to index global 'statpoints_cache' (a nil value)
2016-06-23_14:32:31 ERROR [Eluna]: Error loading `lua_scripts/awakening_functions.lua`
2016-06-23_14:32:31 ERROR lua_scripts/awakening_functions.lua:462: syntax error near 'API'
2016-06-23_14:32:31 ERROR lua_scripts/AIO_Objects.lua:889: assertion failed!
2016-06-23_14:32:41 ERROR lua_scripts/awakening_ui.lua:714: attempt to index global 'statpoints_cache' (a nil value)
2016-06-23_14:34:01 ERROR lua_scripts/awakening_ui.lua:714: attempt to index global 'statpoints_cache' (a nil value)
2016-06-23_15:18:42 ERROR lua_scripts/awakening_ui.lua:714: attempt to index global 'statpoints_cache' (a nil value)
2016-06-23_15:18:57 ERROR lua_scripts/awakening_ui.lua:714: attempt to index global 'statpoints_cache' (a nil value)
2016-06-23_15:19:10 ERROR lua_scripts/AIO_Objects.lua:889: assertion failed!
2016-06-23_15:54:27 ERROR lua_scripts/AIO_Objects.lua:889: assertion failed!
2016-06-24_13:22:08 ERROR lua_scripts/AIO_Objects.lua:889: assertion failed!
2016-06-24_13:26:52 ERROR lua_scripts/AIO_Objects.lua:889: assertion failed!
2016-06-24_13:30:59 ERROR lua_scripts/AIO_Objects.lua:889: assertion failed!
2016-06-24_13:46:59 ERROR lua_scripts/AIO_Objects.lua:889: assertion failed!
2016-06-24_13:50:06 ERROR lua_scripts/AIO_Objects.lua:889: assertion failed!
2016-06-24_13:51:13 ERROR lua_scripts/HungerClient.lua:5: attempt to call field 'AddAddon' (a nil value)
2016-06-24_13:51:13 ERROR lua_scripts/HungerServer.lua:5: attempt to call field 'AddHandlers' (a nil value)
2016-06-24_13:51:13 ERROR lua_scripts/AIO_Objects.lua:889: assertion failed!
2016-06-24_13:57:26 ERROR lua_scripts/AIO_Objects.lua:889: assertion failed!
2016-06-24_14:08:46 ERROR lua_scripts/AIO_Objects.lua:889: assertion failed!
2016-06-24_14:08:46 ERROR lua_scripts/hunger_system/HungerClient.lua:5: attempt to call field 'AddAddon' (a nil value)
2016-06-24_14:08:46 ERROR lua_scripts/hunger_system/HungerServer.lua:5: attempt to call field 'AddHandlers' (a nil value)
2016-06-24_14:10:29 ERROR lua_scripts/AIO_Objects.lua:889: assertion failed!
2016-06-24_14:30:05 ERROR lua_scripts/awakening_functions.lua:266: attempt to perform arithmetic on field '?' (a nil value)
2016-06-24_15:02:01 ERROR lua_scripts/AIO_Objects.lua:889: assertion failed!
2016-06-24_15:02:40 ERROR lua_scripts/awakening_functions.lua:185: attempt to index local 'statquery' (a nil value)
2016-06-24_15:02:40 ERROR lua_scripts/awakening_ui.lua:717: attempt to concatenate field '?' (a nil value)
2016-06-24_15:03:41 ERROR lua_scripts/awakening_functions.lua:185: attempt to index local 'statquery' (a nil value)
2016-06-24_15:04:19 ERROR lua_scripts/awakening_functions.lua:185: attempt to index local 'statquery' (a nil value)
2016-06-24_15:04:19 ERROR lua_scripts/awakening_ui.lua:717: attempt to concatenate field '?' (a nil value)
2016-06-24_15:04:45 ERROR lua_scripts/awakening_functions.lua:185: attempt to index local 'statquery' (a nil value)
2016-06-24_15:04:45 ERROR lua_scripts/awakening_ui.lua:717: attempt to concatenate field '?' (a nil value)
2016-06-24_15:05:33 ERROR lua_scripts/awakening_functions.lua:266: attempt to perform arithmetic on field '?' (a nil value)
2016-06-24_15:05:45 ERROR lua_scripts/awakening_functions.lua:185: attempt to index local 'statquery' (a nil value)
2016-06-24_15:05:46 ERROR lua_scripts/awakening_ui.lua:717: attempt to concatenate field '?' (a nil value)
2016-06-24_15:08:06 ERROR lua_scripts/awakening_functions.lua:185: attempt to index local 'statquery' (a nil value)
2016-06-24_15:08:39 ERROR lua_scripts/awakening_functions.lua:185: attempt to index local 'statquery' (a nil value)
2016-06-24_15:08:40 ERROR lua_scripts/awakening_ui.lua:717: attempt to concatenate field '?' (a nil value)
2016-06-24_15:09:01 ERROR lua_scripts/awakening_functions.lua:266: attempt to perform arithmetic on field '?' (a nil value)
2016-06-24_15:10:06 ERROR lua_scripts/awakening_ui.lua:717: attempt to concatenate field '?' (a nil value)
2016-06-24_15:12:29 ERROR lua_scripts/awakening_functions.lua:266: attempt to perform arithmetic on field '?' (a nil value)
2016-06-24_15:13:03 ERROR lua_scripts/awakening_functions.lua:266: attempt to perform arithmetic on field '?' (a nil value)
2016-06-24_15:14:53 ERROR lua_scripts/awakening_functions.lua:185: attempt to index local 'statquery' (a nil value)
2016-06-24_15:14:53 ERROR lua_scripts/awakening_ui.lua:717: attempt to concatenate field '?' (a nil value)
2016-06-24_15:14:57 ERROR lua_scripts/awakening_functions.lua:185: attempt to index local 'statquery' (a nil value)
2016-06-24_15:14:57 ERROR lua_scripts/awakening_ui.lua:717: attempt to concatenate field '?' (a nil value)
2016-06-24_15:15:20 ERROR lua_scripts/awakening_functions.lua:266: attempt to perform arithmetic on field '?' (a nil value)
2016-06-24_15:16:59 ERROR lua_scripts/awakening_functions.lua:266: attempt to perform arithmetic on field '?' (a nil value)
2016-06-24_15:17:51 ERROR lua_scripts/awakening_functions.lua:266: attempt to perform arithmetic on field '?' (a nil value)
2016-06-24_15:18:39 ERROR lua_scripts/awakening_functions.lua:185: attempt to index local 'statquery' (a nil value)
2016-06-24_15:18:40 ERROR lua_scripts/awakening_ui.lua:717: attempt to concatenate field '?' (a nil value)
2016-06-24_15:19:19 ERROR lua_scripts/awakening_ui.lua:717: attempt to concatenate field '?' (a nil value)
2016-06-24_15:19:31 ERROR lua_scripts/awakening_functions.lua:266: attempt to perform arithmetic on field '?' (a nil value)
2016-06-24_15:19:44 ERROR lua_scripts/awakening_ui.lua:727: attempt to compare nil with number
2016-06-24_15:19:44 ERROR lua_scripts/awakening_ui.lua:727: attempt to compare nil with number
2016-06-24_15:19:44 ERROR lua_scripts/awakening_ui.lua:727: attempt to compare nil with number
2016-06-24_15:20:21 ERROR lua_scripts/awakening_functions.lua:266: attempt to perform arithmetic on field '?' (a nil value)
2016-06-24_15:21:05 ERROR lua_scripts/awakening_functions.lua:266: attempt to perform arithmetic on field '?' (a nil value)
2016-06-24_15:21:19 ERROR lua_scripts/awakening_functions.lua:185: attempt to index local 'statquery' (a nil value)
2016-06-24_15:21:20 ERROR lua_scripts/awakening_ui.lua:717: attempt to concatenate field '?' (a nil value)
2016-06-24_15:24:51 ERROR lua_scripts/awakening_functions.lua:266: attempt to perform arithmetic on field '?' (a nil value)
2016-06-24_15:25:15 ERROR lua_scripts/awakening_functions.lua:266: attempt to perform arithmetic on field '?' (a nil value)
2016-06-24_15:26:40 ERROR lua_scripts/awakening_functions.lua:266: attempt to perform arithmetic on field '?' (a nil value)
2016-06-24_15:27:28 ERROR lua_scripts/awakening_functions.lua:266: attempt to perform arithmetic on field '?' (a nil value)
2016-06-24_15:28:03 ERROR lua_scripts/awakening_functions.lua:185: attempt to index local 'statquery' (a nil value)
2016-06-24_15:28:03 ERROR lua_scripts/awakening_ui.lua:717: attempt to concatenate field '?' (a nil value)
2016-06-24_15:28:24 ERROR lua_scripts/awakening_ui.lua:861: attempt to compare nil with number
2016-06-24_15:28:24 ERROR lua_scripts/awakening_ui.lua:884: attempt to index field '?' (a nil value)
2016-06-24_15:30:19 ERROR lua_scripts/awakening_functions.lua:266: attempt to perform arithmetic on field '?' (a nil value)
2016-06-24_15:31:05 ERROR lua_scripts/awakening_functions.lua:266: attempt to perform arithmetic on field '?' (a nil value)
2016-06-24_15:33:21 ERROR lua_scripts/awakening_functions.lua:266: attempt to perform arithmetic on field '?' (a nil value)
2016-06-24_15:37:33 ERROR lua_scripts/awakening_functions.lua:266: attempt to perform arithmetic on field '?' (a nil value)
2016-06-24_15:40:08 ERROR lua_scripts/awakening_functions.lua:266: attempt to perform arithmetic on field '?' (a nil value)
2016-06-24_15:43:17 ERROR lua_scripts/awakening_ui.lua:727: attempt to compare nil with number
2016-06-24_15:43:18 ERROR lua_scripts/awakening_ui.lua:727: attempt to compare nil with number
2016-06-24_15:43:18 ERROR lua_scripts/awakening_ui.lua:727: attempt to compare nil with number
2016-06-24_15:43:23 ERROR lua_scripts/awakening_ui.lua:717: attempt to concatenate field '?' (a nil value)
2016-06-24_15:43:43 ERROR lua_scripts/awakening_ui.lua:717: attempt to concatenate field '?' (a nil value)
2016-06-24_15:45:48 ERROR lua_scripts/awakening_functions.lua:266: attempt to perform arithmetic on field '?' (a nil value)
2016-06-24_15:52:02 ERROR lua_scripts/awakening_functions.lua:266: attempt to perform arithmetic on field '?' (a nil value)
2016-06-24_15:54:15 ERROR lua_scripts/awakening_ui.lua:771: attempt to compare nil with number
2016-06-24_15:54:35 ERROR lua_scripts/awakening_functions.lua:266: attempt to perform arithmetic on field '?' (a nil value)
2016-06-24_16:08:47 ERROR lua_scripts/awakening_ui.lua:771: attempt to compare nil with number
2016-06-24_16:08:48 ERROR lua_scripts/awakening_ui.lua:771: attempt to compare nil with number
2016-06-24_16:08:48 ERROR lua_scripts/awakening_ui.lua:771: attempt to compare nil with number
2016-06-24_16:08:49 ERROR lua_scripts/awakening_ui.lua:727: attempt to compare nil with number
2016-06-24_16:08:49 ERROR lua_scripts/awakening_ui.lua:727: attempt to compare nil with number
2016-06-24_16:08:49 ERROR lua_scripts/awakening_ui.lua:727: attempt to compare nil with number
2016-06-24_16:08:50 ERROR lua_scripts/awakening_ui.lua:727: attempt to compare nil with number
2016-06-24_16:09:45 ERROR lua_scripts/awakening_functions.lua:266: attempt to perform arithmetic on field '?' (a nil value)
2016-06-24_16:12:49 ERROR lua_scripts/AIO_Objects.lua:889: assertion failed!
2016-06-24_16:35:58 ERROR lua_scripts/AIO_Objects.lua:889: assertion failed!
2016-06-24_16:36:35 ERROR lua_scripts/awakening_functions.lua:266: attempt to perform arithmetic on field '?' (a nil value)
2016-06-24_16:36:55 ERROR lua_scripts/awakening_ui.lua:727: attempt to compare nil with number
2016-06-24_16:36:56 ERROR lua_scripts/awakening_ui.lua:727: attempt to compare nil with number
2016-06-24_16:36:56 ERROR lua_scripts/awakening_ui.lua:727: attempt to compare nil with number
2016-06-24_16:36:57 ERROR lua_scripts/awakening_ui.lua:727: attempt to compare nil with number
2016-06-24_16:36:57 ERROR lua_scripts/awakening_ui.lua:727: attempt to compare nil with number
2016-06-24_16:36:57 ERROR lua_scripts/awakening_ui.lua:727: attempt to compare nil with number
2016-06-24_16:36:57 ERROR lua_scripts/awakening_ui.lua:727: attempt to compare nil with number
2016-06-24_16:36:57 ERROR lua_scripts/awakening_ui.lua:727: attempt to compare nil with number
2016-06-24_16:36:58 ERROR lua_scripts/awakening_ui.lua:727: attempt to compare nil with number
2016-06-24_16:36:58 ERROR lua_scripts/awakening_ui.lua:727: attempt to compare nil with number
2016-06-24_16:36:58 ERROR lua_scripts/awakening_ui.lua:727: attempt to compare nil with number
2016-06-24_16:36:58 ERROR lua_scripts/awakening_ui.lua:727: attempt to compare nil with number
2016-06-24_16:36:59 ERROR lua_scripts/awakening_ui.lua:727: attempt to compare nil with number
2016-06-24_16:37:00 ERROR lua_scripts/awakening_ui.lua:727: attempt to compare nil with number
2016-06-24_16:37:04 ERROR lua_scripts/awakening_ui.lua:727: attempt to compare nil with number
2016-06-24_16:37:05 ERROR lua_scripts/awakening_ui.lua:727: attempt to compare nil with number
2016-06-24_16:37:05 ERROR lua_scripts/awakening_ui.lua:727: attempt to compare nil with number
2016-06-24_16:37:05 ERROR lua_scripts/awakening_ui.lua:727: attempt to compare nil with number
2016-06-24_16:37:06 ERROR lua_scripts/awakening_ui.lua:750: attempt to index field '?' (a nil value)
2016-06-24_16:37:06 ERROR lua_scripts/awakening_ui.lua:727: attempt to compare nil with number
2016-06-24_16:37:11 ERROR lua_scripts/awakening_ui.lua:815: attempt to compare nil with number
2016-06-24_16:37:12 ERROR lua_scripts/awakening_ui.lua:771: attempt to compare nil with number
2016-06-24_16:37:12 ERROR lua_scripts/awakening_ui.lua:771: attempt to compare nil with number
2016-06-24_16:37:42 ERROR lua_scripts/awakening_ui.lua:727: attempt to compare nil with number
2016-06-24_16:37:43 ERROR lua_scripts/awakening_ui.lua:727: attempt to compare nil with number
2016-06-24_16:37:43 ERROR lua_scripts/awakening_ui.lua:727: attempt to compare nil with number
2016-06-24_16:37:43 ERROR lua_scripts/awakening_ui.lua:727: attempt to compare nil with number
2016-06-24_16:37:44 ERROR lua_scripts/awakening_ui.lua:727: attempt to compare nil with number
2016-06-24_16:37:44 ERROR lua_scripts/awakening_ui.lua:727: attempt to compare nil with number
2016-06-24_16:37:44 ERROR lua_scripts/awakening_ui.lua:727: attempt to compare nil with number
2016-06-24_16:37:44 ERROR lua_scripts/awakening_ui.lua:727: attempt to compare nil with number
2016-06-24_16:37:44 ERROR lua_scripts/awakening_ui.lua:727: attempt to compare nil with number
2016-06-24_16:38:10 ERROR lua_scripts/awakening_ui.lua:727: attempt to compare nil with number
2016-06-24_16:38:11 ERROR lua_scripts/awakening_ui.lua:727: attempt to compare nil with number
2016-06-24_16:38:11 ERROR lua_scripts/awakening_ui.lua:727: attempt to compare nil with number
2016-06-24_16:38:11 ERROR lua_scripts/awakening_ui.lua:727: attempt to compare nil with number
2016-06-24_16:38:39 ERROR lua_scripts/awakening_functions.lua:185: attempt to index local 'statquery' (a nil value)
2016-06-24_16:38:39 ERROR lua_scripts/awakening_ui.lua:717: attempt to concatenate field '?' (a nil value)
2016-06-24_16:38:55 ERROR lua_scripts/awakening_functions.lua:266: attempt to perform arithmetic on field '?' (a nil value)
2016-06-24_16:39:09 ERROR lua_scripts/awakening_functions.lua:266: attempt to perform arithmetic on field '?' (a nil value)
2016-06-24_16:39:39 ERROR lua_scripts/awakening_functions.lua:266: attempt to perform arithmetic on field '?' (a nil value)
2016-06-24_16:40:26 ERROR lua_scripts/awakening_ui.lua:771: attempt to compare nil with number
2016-06-24_16:40:29 ERROR lua_scripts/awakening_functions.lua:266: attempt to perform arithmetic on field '?' (a nil value)
2016-06-24_16:40:32 ERROR lua_scripts/awakening_ui.lua:771: attempt to compare nil with number
2016-06-24_16:40:34 ERROR lua_scripts/awakening_ui.lua:771: attempt to compare nil with number
2016-06-24_16:40:37 ERROR lua_scripts/awakening_ui.lua:771: attempt to compare nil with number
2016-06-24_16:40:43 ERROR lua_scripts/awakening_ui.lua:771: attempt to compare nil with number
2016-06-24_16:40:44 ERROR lua_scripts/awakening_ui.lua:727: attempt to compare nil with number
2016-06-24_16:40:49 ERROR lua_scripts/awakening_ui.lua:717: attempt to concatenate field '?' (a nil value)
2016-06-24_16:41:22 ERROR lua_scripts/awakening_functions.lua:266: attempt to perform arithmetic on field '?' (a nil value)
2016-06-24_16:42:03 ERROR lua_scripts/awakening_functions.lua:266: attempt to perform arithmetic on field '?' (a nil value)
2016-06-24_16:42:27 ERROR lua_scripts/awakening_ui.lua:750: attempt to index field '?' (a nil value)
2016-06-24_16:42:27 ERROR lua_scripts/awakening_ui.lua:750: attempt to index field '?' (a nil value)
2016-06-24_16:42:27 ERROR lua_scripts/awakening_ui.lua:750: attempt to index field '?' (a nil value)
2016-06-24_16:42:29 ERROR lua_scripts/awakening_ui.lua:750: attempt to index field '?' (a nil value)
2016-06-24_16:42:29 ERROR lua_scripts/awakening_ui.lua:750: attempt to index field '?' (a nil value)
2016-06-24_16:42:29 ERROR lua_scripts/awakening_ui.lua:750: attempt to index field '?' (a nil value)
2016-06-24_16:42:30 ERROR lua_scripts/awakening_ui.lua:750: attempt to index field '?' (a nil value)
2016-06-24_16:42:30 ERROR lua_scripts/awakening_ui.lua:750: attempt to index field '?' (a nil value)
2016-06-24_16:42:30 ERROR lua_scripts/awakening_ui.lua:750: attempt to index field '?' (a nil value)
2016-06-24_16:42:31 ERROR lua_scripts/awakening_ui.lua:750: attempt to index field '?' (a nil value)
2016-06-24_16:42:32 ERROR lua_scripts/awakening_ui.lua:750: attempt to index field '?' (a nil value)
2016-06-24_16:42:32 ERROR lua_scripts/awakening_ui.lua:771: attempt to compare nil with number
2016-06-24_16:42:32 ERROR lua_scripts/awakening_ui.lua:771: attempt to compare nil with number
2016-06-24_16:42:33 ERROR lua_scripts/awakening_ui.lua:750: attempt to index field '?' (a nil value)
2016-06-24_16:42:33 ERROR lua_scripts/awakening_ui.lua:750: attempt to index field '?' (a nil value)
2016-06-24_16:42:33 ERROR lua_scripts/awakening_ui.lua:750: attempt to index field '?' (a nil value)
2016-06-24_16:42:33 ERROR lua_scripts/awakening_ui.lua:750: attempt to index field '?' (a nil value)
2016-06-24_16:42:50 ERROR lua_scripts/awakening_functions.lua:266: attempt to perform arithmetic on field '?' (a nil value)
2016-06-24_16:43:09 ERROR lua_scripts/awakening_ui.lua:727: attempt to compare nil with number
2016-06-24_16:43:11 ERROR lua_scripts/awakening_ui.lua:815: attempt to compare nil with number
2016-06-24_16:43:24 ERROR lua_scripts/awakening_functions.lua:266: attempt to perform arithmetic on field '?' (a nil value)
2016-06-24_16:43:37 ERROR lua_scripts/awakening_ui.lua:727: attempt to compare nil with number
2016-06-24_16:43:37 ERROR lua_scripts/awakening_ui.lua:727: attempt to compare nil with number
2016-06-24_16:43:37 ERROR lua_scripts/awakening_ui.lua:727: attempt to compare nil with number
2016-06-24_16:43:37 ERROR lua_scripts/awakening_ui.lua:727: attempt to compare nil with number
2016-06-24_16:43:38 ERROR lua_scripts/awakening_ui.lua:727: attempt to compare nil with number
2016-06-24_16:43:38 ERROR lua_scripts/awakening_ui.lua:727: attempt to compare nil with number
2016-06-24_16:43:38 ERROR lua_scripts/awakening_ui.lua:727: attempt to compare nil with number
2016-06-24_16:43:38 ERROR lua_scripts/awakening_ui.lua:727: attempt to compare nil with number
2016-06-24_16:43:38 ERROR lua_scripts/awakening_ui.lua:727: attempt to compare nil with number
2016-06-24_16:43:39 ERROR lua_scripts/awakening_ui.lua:727: attempt to compare nil with number
2016-06-24_16:43:39 ERROR lua_scripts/awakening_ui.lua:727: attempt to compare nil with number
2016-06-24_16:43:39 ERROR lua_scripts/awakening_ui.lua:727: attempt to compare nil with number
2016-06-24_16:43:39 ERROR lua_scripts/awakening_ui.lua:727: attempt to compare nil with number
2016-06-24_16:43:39 ERROR lua_scripts/awakening_ui.lua:727: attempt to compare nil with number
2016-06-24_16:43:42 ERROR lua_scripts/awakening_ui.lua:771: attempt to compare nil with number
2016-06-24_16:43:43 ERROR lua_scripts/awakening_ui.lua:794: attempt to index field '?' (a nil value)
2016-06-24_16:43:44 ERROR lua_scripts/awakening_ui.lua:750: attempt to index field '?' (a nil value)
2016-06-24_16:43:45 ERROR lua_scripts/awakening_ui.lua:750: attempt to index field '?' (a nil value)
2016-06-24_16:43:47 ERROR lua_scripts/awakening_ui.lua:727: attempt to compare nil with number
2016-06-24_16:43:47 ERROR lua_scripts/awakening_ui.lua:727: attempt to compare nil with number
2016-06-24_16:43:47 ERROR lua_scripts/awakening_ui.lua:727: attempt to compare nil with number
2016-06-24_16:43:47 ERROR lua_scripts/awakening_ui.lua:727: attempt to compare nil with number
2016-06-24_16:43:52 ERROR lua_scripts/awakening_functions.lua:266: attempt to perform arithmetic on field '?' (a nil value)
2016-06-24_16:43:56 ERROR lua_scripts/awakening_functions.lua:266: attempt to perform arithmetic on field '?' (a nil value)
2016-06-24_16:44:34 ERROR lua_scripts/awakening_functions.lua:266: attempt to perform arithmetic on field '?' (a nil value)
2016-06-24_16:46:23 ERROR lua_scripts/awakening_ui.lua:727: attempt to compare nil with number
2016-06-24_16:46:23 ERROR lua_scripts/awakening_ui.lua:727: attempt to compare nil with number
2016-06-24_16:46:23 ERROR lua_scripts/awakening_ui.lua:727: attempt to compare nil with number
2016-06-24_16:46:24 ERROR lua_scripts/awakening_ui.lua:727: attempt to compare nil with number
2016-06-24_16:46:24 ERROR lua_scripts/awakening_ui.lua:727: attempt to compare nil with number
2016-06-24_16:46:47 ERROR lua_scripts/awakening_ui.lua:750: attempt to index field '?' (a nil value)
2016-06-24_16:46:48 ERROR lua_scripts/awakening_ui.lua:750: attempt to index field '?' (a nil value)
2016-06-24_16:46:48 ERROR lua_scripts/awakening_ui.lua:750: attempt to index field '?' (a nil value)
2016-06-24_16:46:48 ERROR lua_scripts/awakening_ui.lua:750: attempt to index field '?' (a nil value)
2016-06-24_16:46:48 ERROR lua_scripts/awakening_ui.lua:750: attempt to index field '?' (a nil value)
2016-06-24_16:46:48 ERROR lua_scripts/awakening_ui.lua:750: attempt to index field '?' (a nil value)
2016-06-24_16:46:48 ERROR lua_scripts/awakening_ui.lua:750: attempt to index field '?' (a nil value)
2016-06-24_16:46:49 ERROR lua_scripts/awakening_ui.lua:750: attempt to index field '?' (a nil value)
2016-06-24_16:46:49 ERROR lua_scripts/awakening_ui.lua:750: attempt to index field '?' (a nil value)
2016-06-24_16:46:49 ERROR lua_scripts/awakening_ui.lua:750: attempt to index field '?' (a nil value)
2016-06-24_16:46:49 ERROR lua_scripts/awakening_ui.lua:750: attempt to index field '?' (a nil value)
2016-06-24_16:47:16 ERROR lua_scripts/awakening_functions.lua:266: attempt to perform arithmetic on field '?' (a nil value)
2016-06-24_16:47:34 ERROR lua_scripts/awakening_ui.lua:771: attempt to compare nil with number
2016-06-24_16:48:17 ERROR lua_scripts/awakening_ui.lua:771: attempt to compare nil with number
2016-06-24_16:48:17 ERROR lua_scripts/awakening_ui.lua:771: attempt to compare nil with number
2016-06-24_16:48:17 ERROR lua_scripts/awakening_ui.lua:727: attempt to compare nil with number
2016-06-24_16:48:57 ERROR lua_scripts/awakening_ui.lua:771: attempt to compare nil with number
2016-06-24_16:48:57 ERROR lua_scripts/awakening_ui.lua:771: attempt to compare nil with number
2016-06-24_16:48:58 ERROR lua_scripts/awakening_ui.lua:771: attempt to compare nil with number
2016-06-24_16:48:58 ERROR lua_scripts/awakening_ui.lua:771: attempt to compare nil with number
2016-06-24_16:48:58 ERROR lua_scripts/awakening_ui.lua:771: attempt to compare nil with number
2016-06-24_16:48:59 ERROR lua_scripts/awakening_ui.lua:771: attempt to compare nil with number
2016-06-24_16:48:59 ERROR lua_scripts/awakening_ui.lua:771: attempt to compare nil with number
2016-06-24_16:48:59 ERROR lua_scripts/awakening_ui.lua:771: attempt to compare nil with number
2016-06-24_16:48:59 ERROR lua_scripts/awakening_ui.lua:771: attempt to compare nil with number
2016-06-24_16:48:59 ERROR lua_scripts/awakening_ui.lua:771: attempt to compare nil with number
2016-06-24_16:49:00 ERROR lua_scripts/awakening_ui.lua:771: attempt to compare nil with number
2016-06-24_16:49:00 ERROR lua_scripts/awakening_ui.lua:771: attempt to compare nil with number
2016-06-24_16:49:00 ERROR lua_scripts/awakening_ui.lua:771: attempt to compare nil with number
2016-06-24_16:49:00 ERROR lua_scripts/awakening_ui.lua:771: attempt to compare nil with number
2016-06-24_16:49:06 ERROR lua_scripts/awakening_ui.lua:861: attempt to compare nil with number
2016-06-24_16:49:07 ERROR lua_scripts/awakening_ui.lua:861: attempt to compare nil with number
2016-06-24_16:49:07 ERROR lua_scripts/awakening_ui.lua:861: attempt to compare nil with number
2016-06-24_16:49:07 ERROR lua_scripts/awakening_ui.lua:861: attempt to compare nil with number
2016-06-24_16:49:07 ERROR lua_scripts/awakening_ui.lua:861: attempt to compare nil with number
2016-06-24_16:49:07 ERROR lua_scripts/awakening_ui.lua:861: attempt to compare nil with number
2016-06-24_16:49:07 ERROR lua_scripts/awakening_ui.lua:861: attempt to compare nil with number
2016-06-24_16:49:08 ERROR lua_scripts/awakening_ui.lua:861: attempt to compare nil with number
2016-06-24_16:49:08 ERROR lua_scripts/awakening_ui.lua:861: attempt to compare nil with number
2016-06-24_16:49:09 ERROR lua_scripts/awakening_ui.lua:861: attempt to compare nil with number
2016-06-24_16:49:09 ERROR lua_scripts/awakening_ui.lua:861: attempt to compare nil with number
2016-06-24_16:49:09 ERROR lua_scripts/awakening_ui.lua:861: attempt to compare nil with number
2016-06-24_16:49:10 ERROR lua_scripts/awakening_ui.lua:884: attempt to index field '?' (a nil value)
2016-06-24_16:49:10 ERROR lua_scripts/awakening_ui.lua:861: attempt to compare nil with number
2016-06-24_16:49:11 ERROR lua_scripts/awakening_ui.lua:861: attempt to compare nil with number
2016-06-24_16:49:11 ERROR lua_scripts/awakening_ui.lua:861: attempt to compare nil with number
2016-06-24_16:49:22 ERROR lua_scripts/awakening_functions.lua:266: attempt to perform arithmetic on field '?' (a nil value)
2016-06-24_16:49:48 ERROR lua_scripts/awakening_functions.lua:266: attempt to perform arithmetic on field '?' (a nil value)
2016-06-24_16:51:04 ERROR lua_scripts/awakening_functions.lua:266: attempt to perform arithmetic on field '?' (a nil value)
2016-06-24_16:52:38 ERROR lua_scripts/awakening_ui.lua:727: attempt to compare nil with number
2016-06-24_16:52:39 ERROR lua_scripts/awakening_ui.lua:727: attempt to compare nil with number
2016-06-24_16:52:39 ERROR lua_scripts/awakening_ui.lua:727: attempt to compare nil with number
2016-06-24_16:52:39 ERROR lua_scripts/awakening_ui.lua:727: attempt to compare nil with number
2016-06-24_16:52:39 ERROR lua_scripts/awakening_ui.lua:727: attempt to compare nil with number
2016-06-24_16:52:39 ERROR lua_scripts/awakening_ui.lua:727: attempt to compare nil with number
2016-06-24_16:52:39 ERROR lua_scripts/awakening_ui.lua:727: attempt to compare nil with number
2016-06-24_16:52:40 ERROR lua_scripts/awakening_ui.lua:727: attempt to compare nil with number
2016-06-24_16:52:40 ERROR lua_scripts/awakening_ui.lua:727: attempt to compare nil with number
2016-06-24_16:52:40 ERROR lua_scripts/awakening_ui.lua:727: attempt to compare nil with number
2016-06-24_16:52:40 ERROR lua_scripts/awakening_ui.lua:727: attempt to compare nil with number
2016-06-24_16:52:41 ERROR lua_scripts/awakening_ui.lua:727: attempt to compare nil with number
2016-06-24_16:52:41 ERROR lua_scripts/awakening_ui.lua:727: attempt to compare nil with number
2016-06-24_16:52:41 ERROR lua_scripts/awakening_ui.lua:727: attempt to compare nil with number
2016-06-24_16:53:05 ERROR lua_scripts/awakening_functions.lua:266: attempt to perform arithmetic on field '?' (a nil value)
2016-06-24_16:53:09 ERROR lua_scripts/awakening_ui.lua:727: attempt to compare nil with number
2016-06-24_16:53:09 ERROR lua_scripts/awakening_ui.lua:727: attempt to compare nil with number
2016-06-24_16:53:09 ERROR lua_scripts/awakening_ui.lua:727: attempt to compare nil with number
2016-06-24_16:53:09 ERROR lua_scripts/awakening_ui.lua:727: attempt to compare nil with number
2016-06-24_16:53:10 ERROR lua_scripts/awakening_ui.lua:727: attempt to compare nil with number
2016-06-24_16:53:10 ERROR lua_scripts/awakening_ui.lua:727: attempt to compare nil with number
2016-06-24_16:53:22 ERROR lua_scripts/awakening_functions.lua:266: attempt to perform arithmetic on field '?' (a nil value)
2016-06-24_16:54:07 ERROR lua_scripts/awakening_functions.lua:266: attempt to perform arithmetic on field '?' (a nil value)
2016-06-24_16:54:36 ERROR lua_scripts/awakening_ui.lua:794: attempt to index field '?' (a nil value)
2016-06-24_16:54:36 ERROR lua_scripts/awakening_ui.lua:794: attempt to index field '?' (a nil value)
2016-06-24_16:54:37 ERROR lua_scripts/awakening_ui.lua:794: attempt to index field '?' (a nil value)
2016-06-24_16:54:37 ERROR lua_scripts/awakening_ui.lua:794: attempt to index field '?' (a nil value)
2016-06-24_16:54:37 ERROR lua_scripts/awakening_ui.lua:794: attempt to index field '?' (a nil value)
2016-06-24_16:54:37 ERROR lua_scripts/awakening_ui.lua:794: attempt to index field '?' (a nil value)
2016-06-24_16:54:37 ERROR lua_scripts/awakening_ui.lua:794: attempt to index field '?' (a nil value)
2016-06-24_16:54:37 ERROR lua_scripts/awakening_ui.lua:839: attempt to index field '?' (a nil value)
2016-06-24_16:54:37 ERROR lua_scripts/awakening_ui.lua:839: attempt to index field '?' (a nil value)
2016-06-24_16:54:38 ERROR lua_scripts/awakening_ui.lua:839: attempt to index field '?' (a nil value)
2016-06-24_16:54:38 ERROR lua_scripts/awakening_ui.lua:839: attempt to index field '?' (a nil value)
2016-06-24_16:54:38 ERROR lua_scripts/awakening_ui.lua:839: attempt to index field '?' (a nil value)
2016-06-24_16:54:38 ERROR lua_scripts/awakening_ui.lua:839: attempt to index field '?' (a nil value)
2016-06-24_16:54:38 ERROR lua_scripts/awakening_ui.lua:884: attempt to index field '?' (a nil value)
2016-06-24_16:54:39 ERROR lua_scripts/awakening_ui.lua:884: attempt to index field '?' (a nil value)
2016-06-24_16:54:39 ERROR lua_scripts/awakening_ui.lua:928: attempt to index field '?' (a nil value)
2016-06-24_16:54:39 ERROR lua_scripts/awakening_ui.lua:928: attempt to index field '?' (a nil value)
2016-06-24_16:54:39 ERROR lua_scripts/awakening_ui.lua:928: attempt to index field '?' (a nil value)
2016-06-24_16:54:40 ERROR lua_scripts/awakening_ui.lua:794: attempt to index field '?' (a nil value)
2016-06-24_16:54:40 ERROR lua_scripts/awakening_ui.lua:750: attempt to index field '?' (a nil value)
2016-06-24_16:54:40 ERROR lua_scripts/awakening_ui.lua:750: attempt to index field '?' (a nil value)
2016-06-24_16:54:40 ERROR lua_scripts/awakening_ui.lua:750: attempt to index field '?' (a nil value)
2016-06-24_16:54:40 ERROR lua_scripts/awakening_ui.lua:750: attempt to index field '?' (a nil value)
2016-06-24_16:54:41 ERROR lua_scripts/awakening_ui.lua:750: attempt to index field '?' (a nil value)
2016-06-24_16:54:41 ERROR lua_scripts/awakening_ui.lua:794: attempt to index field '?' (a nil value)
2016-06-24_16:54:41 ERROR lua_scripts/awakening_ui.lua:839: attempt to index field '?' (a nil value)
2016-06-24_16:54:41 ERROR lua_scripts/awakening_ui.lua:839: attempt to index field '?' (a nil value)
2016-06-24_16:54:41 ERROR lua_scripts/awakening_ui.lua:884: attempt to index field '?' (a nil value)
2016-06-24_16:54:42 ERROR lua_scripts/awakening_ui.lua:928: attempt to index field '?' (a nil value)
2016-06-24_16:54:42 ERROR lua_scripts/awakening_ui.lua:928: attempt to index field '?' (a nil value)
2016-06-24_16:54:43 ERROR lua_scripts/awakening_ui.lua:750: attempt to index field '?' (a nil value)
2016-06-24_16:54:43 ERROR lua_scripts/awakening_ui.lua:750: attempt to index field '?' (a nil value)
2016-06-24_16:54:43 ERROR lua_scripts/awakening_ui.lua:750: attempt to index field '?' (a nil value)
2016-06-24_16:54:44 ERROR lua_scripts/awakening_ui.lua:794: attempt to index field '?' (a nil value)
2016-06-24_16:54:45 ERROR lua_scripts/awakening_ui.lua:750: attempt to index field '?' (a nil value)
2016-06-24_16:54:45 ERROR lua_scripts/awakening_ui.lua:750: attempt to index field '?' (a nil value)
2016-06-24_16:54:46 ERROR lua_scripts/awakening_ui.lua:750: attempt to index field '?' (a nil value)
2016-06-24_16:54:46 ERROR lua_scripts/awakening_ui.lua:750: attempt to index field '?' (a nil value)
2016-06-24_16:54:46 ERROR lua_scripts/awakening_ui.lua:794: attempt to index field '?' (a nil value)
2016-06-24_16:54:46 ERROR lua_scripts/awakening_ui.lua:794: attempt to index field '?' (a nil value)
2016-06-24_16:54:46 ERROR lua_scripts/awakening_ui.lua:839: attempt to index field '?' (a nil value)
2016-06-24_16:54:46 ERROR lua_scripts/awakening_ui.lua:884: attempt to index field '?' (a nil value)
2016-06-24_16:54:47 ERROR lua_scripts/awakening_ui.lua:928: attempt to index field '?' (a nil value)
2016-06-24_16:54:47 ERROR lua_scripts/awakening_ui.lua:928: attempt to index field '?' (a nil value)
2016-06-24_16:56:48 ERROR lua_scripts/awakening_functions.lua:266: attempt to perform arithmetic on field '?' (a nil value)
2016-06-24_16:57:42 ERROR lua_scripts/awakening_ui.lua:727: attempt to compare nil with number
2016-06-24_16:57:42 ERROR lua_scripts/awakening_ui.lua:727: attempt to compare nil with number
2016-06-24_16:57:42 ERROR lua_scripts/awakening_ui.lua:727: attempt to compare nil with number
2016-06-24_16:58:48 ERROR lua_scripts/awakening_ui.lua:771: attempt to compare nil with number
2016-06-24_16:58:49 ERROR lua_scripts/awakening_ui.lua:750: attempt to index field '?' (a nil value)
2016-06-24_16:58:49 ERROR lua_scripts/awakening_ui.lua:750: attempt to index field '?' (a nil value)
2016-06-24_16:58:49 ERROR lua_scripts/awakening_ui.lua:794: attempt to index field '?' (a nil value)
2016-06-24_16:58:49 ERROR lua_scripts/awakening_ui.lua:794: attempt to index field '?' (a nil value)
2016-06-24_16:58:49 ERROR lua_scripts/awakening_ui.lua:839: attempt to index field '?' (a nil value)
2016-06-24_16:58:49 ERROR lua_scripts/awakening_ui.lua:839: attempt to index field '?' (a nil value)
2016-06-24_16:58:49 ERROR lua_scripts/awakening_ui.lua:884: attempt to index field '?' (a nil value)
2016-06-24_16:58:50 ERROR lua_scripts/awakening_ui.lua:928: attempt to index field '?' (a nil value)
2016-06-24_16:58:50 ERROR lua_scripts/awakening_ui.lua:928: attempt to index field '?' (a nil value)
2016-06-24_16:59:38 ERROR lua_scripts/awakening_ui.lua:861: attempt to compare nil with number
2016-06-24_16:59:38 ERROR lua_scripts/awakening_ui.lua:861: attempt to compare nil with number
2016-06-24_16:59:40 ERROR lua_scripts/awakening_ui.lua:861: attempt to compare nil with number
2016-06-24_16:59:40 ERROR lua_scripts/awakening_ui.lua:861: attempt to compare nil with number
2016-06-24_16:59:41 ERROR lua_scripts/awakening_ui.lua:861: attempt to compare nil with number
2016-06-24_16:59:41 ERROR lua_scripts/awakening_ui.lua:861: attempt to compare nil with number
2016-06-24_16:59:41 ERROR lua_scripts/awakening_ui.lua:861: attempt to compare nil with number
2016-06-24_16:59:42 ERROR lua_scripts/awakening_ui.lua:861: attempt to compare nil with number
2016-06-24_16:59:42 ERROR lua_scripts/awakening_ui.lua:861: attempt to compare nil with number
2016-06-24_16:59:42 ERROR lua_scripts/awakening_ui.lua:861: attempt to compare nil with number
2016-06-24_16:59:42 ERROR lua_scripts/awakening_ui.lua:861: attempt to compare nil with number
2016-06-24_16:59:42 ERROR lua_scripts/awakening_ui.lua:861: attempt to compare nil with number
2016-06-24_16:59:42 ERROR lua_scripts/awakening_ui.lua:861: attempt to compare nil with number
2016-06-24_16:59:42 ERROR lua_scripts/awakening_ui.lua:861: attempt to compare nil with number
2016-06-24_17:01:14 ERROR lua_scripts/awakening_functions.lua:266: attempt to perform arithmetic on field '?' (a nil value)
2016-06-24_17:01:28 ERROR lua_scripts/awakening_ui.lua:771: attempt to compare nil with number
2016-06-24_17:01:28 ERROR lua_scripts/awakening_ui.lua:771: attempt to compare nil with number
2016-06-24_17:01:28 ERROR lua_scripts/awakening_ui.lua:771: attempt to compare nil with number
2016-06-24_17:01:29 ERROR lua_scripts/awakening_ui.lua:771: attempt to compare nil with number
2016-06-24_17:01:29 ERROR lua_scripts/awakening_ui.lua:771: attempt to compare nil with number
2016-06-24_17:02:28 ERROR lua_scripts/awakening_functions.lua:266: attempt to perform arithmetic on field '?' (a nil value)
2016-06-24_17:03:31 ERROR lua_scripts/awakening_ui.lua:727: attempt to compare nil with number
2016-06-24_17:03:31 ERROR lua_scripts/awakening_ui.lua:727: attempt to compare nil with number
2016-06-24_17:03:31 ERROR lua_scripts/awakening_ui.lua:727: attempt to compare nil with number
2016-06-24_17:03:32 ERROR lua_scripts/awakening_ui.lua:727: attempt to compare nil with number
2016-06-24_17:03:53 ERROR lua_scripts/awakening_ui.lua:727: attempt to compare nil with number
2016-06-24_17:03:54 ERROR lua_scripts/awakening_ui.lua:750: attempt to index field '?' (a nil value)
2016-06-24_17:03:54 ERROR lua_scripts/awakening_ui.lua:750: attempt to index field '?' (a nil value)
2016-06-24_17:03:55 ERROR lua_scripts/awakening_ui.lua:750: attempt to index field '?' (a nil value)
2016-06-24_17:03:55 ERROR lua_scripts/awakening_ui.lua:771: attempt to compare nil with number
2016-06-24_17:03:55 ERROR lua_scripts/awakening_ui.lua:771: attempt to compare nil with number
2016-06-24_17:04:33 ERROR lua_scripts/awakening_functions.lua:266: attempt to perform arithmetic on field '?' (a nil value)
2016-06-24_17:07:34 ERROR lua_scripts/awakening_functions.lua:266: attempt to perform arithmetic on field '?' (a nil value)
2016-06-24_17:13:50 ERROR lua_scripts/awakening_ui.lua:727: attempt to compare nil with number
2016-06-24_17:13:51 ERROR lua_scripts/awakening_ui.lua:727: attempt to compare nil with number
2016-06-24_17:13:51 ERROR lua_scripts/awakening_ui.lua:727: attempt to compare nil with number
2016-06-24_17:19:48 ERROR lua_scripts/awakening_functions.lua:266: attempt to perform arithmetic on field '?' (a nil value)
2016-06-24_17:22:29 ERROR lua_scripts/awakening_functions.lua:266: attempt to perform arithmetic on field '?' (a nil value)
2016-06-24_17:27:23 ERROR lua_scripts/awakening_functions.lua:266: attempt to perform arithmetic on field '?' (a nil value)
2016-06-24_17:41:22 ERROR lua_scripts/awakening_functions.lua:193: attempt to index local 'aura' (a nil value)
2016-06-24_17:42:31 ERROR lua_scripts/awakening_functions.lua:193: attempt to index local 'aura' (a nil value)
2016-06-24_17:45:39 ERROR lua_scripts/awakening_functions.lua:193: attempt to index local 'aura' (a nil value)
2016-06-24_17:51:32 ERROR lua_scripts/AIO_Objects.lua:889: assertion failed!
2016-06-24_17:51:35 ERROR lua_scripts/awakening_ui.lua:717: attempt to concatenate field '?' (a nil value)
2016-06-24_17:51:36 ERROR lua_scripts/awakening_ui.lua:717: attempt to concatenate field '?' (a nil value)
2016-06-24_17:51:40 ERROR lua_scripts/awakening_ui.lua:717: attempt to concatenate field '?' (a nil value)
2016-06-24_17:51:44 ERROR lua_scripts/awakening_ui.lua:717: attempt to concatenate field '?' (a nil value)
2016-06-24_17:52:29 ERROR lua_scripts/awakening_functions.lua:266: attempt to perform arithmetic on field '?' (a nil value)
2016-06-24_17:52:43 ERROR lua_scripts/awakening_ui.lua:794: attempt to index field '?' (a nil value)
2016-06-24_17:52:44 ERROR lua_scripts/awakening_ui.lua:771: attempt to compare nil with number
2016-06-24_17:52:45 ERROR lua_scripts/awakening_ui.lua:771: attempt to compare nil with number
2016-06-24_17:52:45 ERROR lua_scripts/awakening_ui.lua:727: attempt to compare nil with number
2016-06-24_17:52:45 ERROR lua_scripts/awakening_ui.lua:727: attempt to compare nil with number
2016-06-24_17:53:22 ERROR lua_scripts/awakening_functions.lua:266: attempt to perform arithmetic on field '?' (a nil value)
2016-06-24_17:53:54 ERROR lua_scripts/awakening_functions.lua:266: attempt to perform arithmetic on field '?' (a nil value)
2016-06-24_17:54:01 ERROR lua_scripts/awakening_ui.lua:727: attempt to compare nil with number
2016-06-24_17:54:01 ERROR lua_scripts/awakening_ui.lua:727: attempt to compare nil with number
2016-06-24_17:54:01 ERROR lua_scripts/awakening_ui.lua:727: attempt to compare nil with number
2016-06-24_17:54:01 ERROR lua_scripts/awakening_ui.lua:727: attempt to compare nil with number
2016-06-24_17:54:01 ERROR lua_scripts/awakening_ui.lua:727: attempt to compare nil with number
2016-06-24_17:54:01 ERROR lua_scripts/awakening_ui.lua:727: attempt to compare nil with number
2016-06-24_17:54:02 ERROR lua_scripts/awakening_ui.lua:727: attempt to compare nil with number
2016-06-24_17:54:02 ERROR lua_scripts/awakening_ui.lua:727: attempt to compare nil with number
2016-06-24_17:54:02 ERROR lua_scripts/awakening_ui.lua:727: attempt to compare nil with number
2016-06-24_17:54:07 ERROR lua_scripts/awakening_ui.lua:727: attempt to compare nil with number
2016-06-24_17:54:07 ERROR lua_scripts/awakening_ui.lua:727: attempt to compare nil with number
2016-06-24_17:54:07 ERROR lua_scripts/awakening_ui.lua:727: attempt to compare nil with number
2016-06-24_17:54:07 ERROR lua_scripts/awakening_ui.lua:727: attempt to compare nil with number
2016-06-24_17:54:07 ERROR lua_scripts/awakening_ui.lua:727: attempt to compare nil with number
2016-06-24_17:54:08 ERROR lua_scripts/awakening_ui.lua:750: attempt to index field '?' (a nil value)
2016-06-24_17:54:11 ERROR lua_scripts/awakening_functions.lua:266: attempt to perform arithmetic on field '?' (a nil value)
2016-06-24_17:54:18 ERROR lua_scripts/awakening_ui.lua:771: attempt to compare nil with number
2016-06-24_17:54:19 ERROR lua_scripts/awakening_ui.lua:727: attempt to compare nil with number
2016-06-24_17:54:19 ERROR lua_scripts/awakening_ui.lua:771: attempt to compare nil with number
2016-06-24_17:55:28 ERROR lua_scripts/awakening_ui.lua:727: attempt to compare nil with number
2016-06-24_17:55:28 ERROR lua_scripts/awakening_ui.lua:727: attempt to compare nil with number
2016-06-24_17:55:29 ERROR lua_scripts/awakening_ui.lua:727: attempt to compare nil with number
2016-06-24_17:55:30 ERROR lua_scripts/awakening_ui.lua:727: attempt to compare nil with number
2016-06-24_17:55:30 ERROR lua_scripts/awakening_ui.lua:727: attempt to compare nil with number
2016-06-24_17:55:31 ERROR lua_scripts/awakening_ui.lua:727: attempt to compare nil with number
2016-06-24_17:55:49 ERROR lua_scripts/awakening_ui.lua:771: attempt to compare nil with number
2016-06-24_17:55:50 ERROR lua_scripts/awakening_ui.lua:727: attempt to compare nil with number
2016-06-24_17:55:50 ERROR lua_scripts/awakening_ui.lua:727: attempt to compare nil with number
2016-06-24_17:55:50 ERROR lua_scripts/awakening_ui.lua:727: attempt to compare nil with number
2016-06-24_17:55:51 ERROR lua_scripts/awakening_ui.lua:727: attempt to compare nil with number
2016-06-24_17:55:51 ERROR lua_scripts/awakening_ui.lua:727: attempt to compare nil with number
2016-06-24_17:55:51 ERROR lua_scripts/awakening_ui.lua:750: attempt to index field '?' (a nil value)
2016-06-24_17:55:51 ERROR lua_scripts/awakening_ui.lua:750: attempt to index field '?' (a nil value)
2016-06-24_17:55:52 ERROR lua_scripts/awakening_ui.lua:750: attempt to index field '?' (a nil value)
2016-06-24_17:55:52 ERROR lua_scripts/awakening_ui.lua:750: attempt to index field '?' (a nil value)
2016-06-24_17:57:25 ERROR lua_scripts/awakening_ui.lua:727: attempt to compare nil with number
2016-06-24_17:57:26 ERROR lua_scripts/awakening_ui.lua:727: attempt to compare nil with number
2016-06-24_17:57:26 ERROR lua_scripts/awakening_ui.lua:727: attempt to compare nil with number
2016-06-24_17:57:27 ERROR lua_scripts/awakening_ui.lua:771: attempt to compare nil with number
2016-06-24_17:57:27 ERROR lua_scripts/awakening_ui.lua:771: attempt to compare nil with number
2016-06-24_17:57:45 ERROR lua_scripts/awakening_functions.lua:266: attempt to perform arithmetic on field '?' (a nil value)
2016-06-24_17:58:06 ERROR lua_scripts/awakening_ui.lua:771: attempt to compare nil with number
2016-06-24_18:00:04 ERROR lua_scripts/awakening_functions.lua:266: attempt to perform arithmetic on field '?' (a nil value)
2016-06-24_18:00:45 ERROR lua_scripts/awakening_ui.lua:717: attempt to concatenate field '?' (a nil value)
2016-06-24_18:01:10 ERROR lua_scripts/awakening_functions.lua:266: attempt to perform arithmetic on field '?' (a nil value)
2016-06-24_18:01:10 ERROR lua_scripts/awakening_ui.lua:717: attempt to concatenate field '?' (a nil value)
2016-06-24_18:01:45 ERROR lua_scripts/awakening_ui.lua:861: attempt to compare nil with number
2016-06-24_18:01:45 ERROR lua_scripts/awakening_ui.lua:861: attempt to compare nil with number
2016-06-24_18:01:45 ERROR lua_scripts/awakening_ui.lua:861: attempt to compare nil with number
2016-06-24_18:01:45 ERROR lua_scripts/awakening_ui.lua:861: attempt to compare nil with number
2016-06-24_18:01:46 ERROR lua_scripts/awakening_ui.lua:861: attempt to compare nil with number
2016-06-24_18:01:46 ERROR lua_scripts/awakening_ui.lua:861: attempt to compare nil with number
2016-06-24_18:01:46 ERROR lua_scripts/awakening_ui.lua:861: attempt to compare nil with number
2016-06-24_18:01:46 ERROR lua_scripts/awakening_ui.lua:861: attempt to compare nil with number
2016-06-24_18:01:46 ERROR lua_scripts/awakening_ui.lua:861: attempt to compare nil with number
2016-06-24_18:01:46 ERROR lua_scripts/awakening_ui.lua:861: attempt to compare nil with number
2016-06-24_18:01:46 ERROR lua_scripts/awakening_ui.lua:861: attempt to compare nil with number
2016-06-24_18:01:46 ERROR lua_scripts/awakening_ui.lua:861: attempt to compare nil with number
2016-06-24_18:01:47 ERROR lua_scripts/awakening_ui.lua:861: attempt to compare nil with number
2016-06-24_18:01:47 ERROR lua_scripts/awakening_ui.lua:861: attempt to compare nil with number
2016-06-24_18:01:47 ERROR lua_scripts/awakening_ui.lua:861: attempt to compare nil with number
2016-06-24_18:01:47 ERROR lua_scripts/awakening_ui.lua:861: attempt to compare nil with number
2016-06-24_18:01:47 ERROR lua_scripts/awakening_ui.lua:861: attempt to compare nil with number
2016-06-24_18:01:48 ERROR lua_scripts/awakening_ui.lua:861: attempt to compare nil with number
2016-06-24_18:01:49 ERROR lua_scripts/awakening_ui.lua:861: attempt to compare nil with number
2016-06-24_18:01:49 ERROR lua_scripts/awakening_ui.lua:861: attempt to compare nil with number
2016-06-24_18:01:49 ERROR lua_scripts/awakening_ui.lua:771: attempt to compare nil with number
2016-06-24_18:02:25 ERROR lua_scripts/awakening_ui.lua:771: attempt to compare nil with number
2016-06-24_18:02:26 ERROR lua_scripts/awakening_ui.lua:861: attempt to compare nil with number
2016-06-24_18:02:27 ERROR lua_scripts/awakening_ui.lua:771: attempt to compare nil with number
2016-06-24_18:02:27 ERROR lua_scripts/awakening_ui.lua:861: attempt to compare nil with number
2016-06-24_18:02:29 ERROR lua_scripts/awakening_ui.lua:771: attempt to compare nil with number
2016-06-24_18:02:33 ERROR lua_scripts/awakening_ui.lua:771: attempt to compare nil with number
2016-06-24_18:02:34 ERROR lua_scripts/awakening_ui.lua:771: attempt to compare nil with number
2016-06-24_18:02:35 ERROR lua_scripts/awakening_ui.lua:771: attempt to compare nil with number
2016-06-24_18:02:35 ERROR lua_scripts/awakening_ui.lua:771: attempt to compare nil with number
2016-06-24_18:02:35 ERROR lua_scripts/awakening_ui.lua:771: attempt to compare nil with number
2016-06-24_18:02:43 ERROR lua_scripts/awakening_ui.lua:771: attempt to compare nil with number
2016-06-24_18:02:43 ERROR lua_scripts/awakening_ui.lua:771: attempt to compare nil with number
2016-06-24_18:02:43 ERROR lua_scripts/awakening_ui.lua:771: attempt to compare nil with number
2016-06-24_18:02:44 ERROR lua_scripts/awakening_ui.lua:771: attempt to compare nil with number
2016-06-24_18:02:44 ERROR lua_scripts/awakening_ui.lua:771: attempt to compare nil with number
2016-06-24_18:04:42 ERROR lua_scripts/awakening_ui.lua:727: attempt to compare nil with number
2016-06-24_18:04:43 ERROR lua_scripts/awakening_ui.lua:727: attempt to compare nil with number
2016-06-24_18:04:43 ERROR lua_scripts/awakening_ui.lua:727: attempt to compare nil with number
2016-06-24_18:07:04 ERROR lua_scripts/awakening_ui.lua:717: attempt to concatenate field '?' (a nil value)
2016-06-24_18:07:28 ERROR lua_scripts/awakening_functions.lua:266: attempt to perform arithmetic on field '?' (a nil value)
2016-06-24_18:08:24 ERROR lua_scripts/awakening_functions.lua:266: attempt to perform arithmetic on field '?' (a nil value)
2016-06-24_18:08:57 ERROR lua_scripts/awakening_ui.lua:794: attempt to index field '?' (a nil value)
2016-06-24_18:08:58 ERROR lua_scripts/awakening_ui.lua:794: attempt to index field '?' (a nil value)
2016-06-24_18:08:58 ERROR lua_scripts/awakening_ui.lua:794: attempt to index field '?' (a nil value)
2016-06-24_18:08:58 ERROR lua_scripts/awakening_ui.lua:794: attempt to index field '?' (a nil value)
2016-06-24_18:08:58 ERROR lua_scripts/awakening_ui.lua:794: attempt to index field '?' (a nil value)
2016-06-24_18:08:58 ERROR lua_scripts/awakening_ui.lua:794: attempt to index field '?' (a nil value)
2016-06-24_18:08:59 ERROR lua_scripts/awakening_ui.lua:794: attempt to index field '?' (a nil value)
2016-06-24_18:08:59 ERROR lua_scripts/awakening_ui.lua:794: attempt to index field '?' (a nil value)
2016-06-24_18:08:59 ERROR lua_scripts/awakening_ui.lua:794: attempt to index field '?' (a nil value)
2016-06-24_18:09:00 ERROR lua_scripts/awakening_ui.lua:771: attempt to compare nil with number
2016-06-24_18:09:00 ERROR lua_scripts/awakening_ui.lua:771: attempt to compare nil with number
2016-06-24_18:09:01 ERROR lua_scripts/awakening_ui.lua:771: attempt to compare nil with number
2016-06-24_18:09:01 ERROR lua_scripts/awakening_ui.lua:794: attempt to index field '?' (a nil value)
2016-06-24_18:09:01 ERROR lua_scripts/awakening_ui.lua:794: attempt to index field '?' (a nil value)
2016-06-24_18:09:02 ERROR lua_scripts/awakening_ui.lua:839: attempt to index field '?' (a nil value)
2016-06-24_18:09:02 ERROR lua_scripts/awakening_ui.lua:839: attempt to index field '?' (a nil value)
2016-06-24_18:09:02 ERROR lua_scripts/awakening_ui.lua:884: attempt to index field '?' (a nil value)
2016-06-24_18:09:03 ERROR lua_scripts/awakening_ui.lua:884: attempt to index field '?' (a nil value)
2016-06-24_18:09:03 ERROR lua_scripts/awakening_ui.lua:928: attempt to index field '?' (a nil value)
2016-06-24_18:09:04 ERROR lua_scripts/awakening_ui.lua:905: attempt to compare nil with number
2016-06-24_18:09:05 ERROR lua_scripts/awakening_ui.lua:750: attempt to index field '?' (a nil value)
2016-06-24_18:09:05 ERROR lua_scripts/awakening_ui.lua:750: attempt to index field '?' (a nil value)
2016-06-24_18:09:05 ERROR lua_scripts/awakening_ui.lua:928: attempt to index field '?' (a nil value)
2016-06-24_18:09:06 ERROR lua_scripts/awakening_ui.lua:884: attempt to index field '?' (a nil value)
2016-06-24_18:09:06 ERROR lua_scripts/awakening_ui.lua:839: attempt to index field '?' (a nil value)
2016-06-24_18:09:07 ERROR lua_scripts/awakening_ui.lua:794: attempt to index field '?' (a nil value)
2016-06-24_18:09:07 ERROR lua_scripts/awakening_ui.lua:750: attempt to index field '?' (a nil value)
2016-06-24_18:11:38 ERROR lua_scripts/awakening_functions.lua:266: attempt to perform arithmetic on field '?' (a nil value)
2016-06-24_18:14:30 ERROR lua_scripts/awakening_functions.lua:266: attempt to perform arithmetic on field '?' (a nil value)
2016-06-24_18:17:12 ERROR lua_scripts/awakening_functions.lua:193: attempt to index local 'aura' (a nil value)
2016-06-24_18:23:31 ERROR lua_scripts/awakening_ui.lua:717: attempt to concatenate field '?' (a nil value)
2016-06-24_18:31:16 ERROR lua_scripts/awakening_ui.lua:771: attempt to compare nil with number
2016-06-24_18:31:16 ERROR lua_scripts/awakening_ui.lua:771: attempt to compare nil with number
2016-06-24_18:31:16 ERROR lua_scripts/awakening_ui.lua:771: attempt to compare nil with number
2016-06-24_18:31:16 ERROR lua_scripts/awakening_ui.lua:771: attempt to compare nil with number
2016-06-24_18:31:17 ERROR lua_scripts/awakening_ui.lua:771: attempt to compare nil with number
2016-06-24_18:31:17 ERROR lua_scripts/awakening_ui.lua:771: attempt to compare nil with number
2016-06-24_18:31:17 ERROR lua_scripts/awakening_ui.lua:771: attempt to compare nil with number
2016-06-24_18:31:17 ERROR lua_scripts/awakening_ui.lua:771: attempt to compare nil with number
2016-06-24_18:31:17 ERROR lua_scripts/awakening_ui.lua:771: attempt to compare nil with number
2016-06-24_18:31:19 ERROR lua_scripts/awakening_ui.lua:771: attempt to compare nil with number
2016-06-24_18:31:19 ERROR lua_scripts/awakening_ui.lua:771: attempt to compare nil with number
2016-06-24_18:31:19 ERROR lua_scripts/awakening_ui.lua:771: attempt to compare nil with number
2016-06-24_18:31:19 ERROR lua_scripts/awakening_ui.lua:771: attempt to compare nil with number
2016-06-24_18:31:20 ERROR lua_scripts/awakening_ui.lua:771: attempt to compare nil with number
2016-06-24_18:31:20 ERROR lua_scripts/awakening_ui.lua:771: attempt to compare nil with number
2016-06-24_18:31:20 ERROR lua_scripts/awakening_ui.lua:771: attempt to compare nil with number
2016-06-24_18:31:20 ERROR lua_scripts/awakening_ui.lua:771: attempt to compare nil with number
2016-06-24_18:31:21 ERROR lua_scripts/awakening_ui.lua:771: attempt to compare nil with number
2016-06-24_18:31:21 ERROR lua_scripts/awakening_ui.lua:771: attempt to compare nil with number
2016-06-24_18:31:21 ERROR lua_scripts/awakening_ui.lua:771: attempt to compare nil with number
2016-06-24_18:31:27 ERROR lua_scripts/awakening_ui.lua:771: attempt to compare nil with number
2016-06-24_18:31:28 ERROR lua_scripts/awakening_ui.lua:771: attempt to compare nil with number
2016-06-24_18:31:28 ERROR lua_scripts/awakening_ui.lua:771: attempt to compare nil with number
2016-06-24_18:31:28 ERROR lua_scripts/awakening_ui.lua:771: attempt to compare nil with number
2016-06-24_18:31:28 ERROR lua_scripts/awakening_ui.lua:771: attempt to compare nil with number
2016-06-24_18:31:29 ERROR lua_scripts/awakening_ui.lua:771: attempt to compare nil with number
2016-06-24_18:31:29 ERROR lua_scripts/awakening_ui.lua:771: attempt to compare nil with number
2016-06-24_18:31:30 ERROR lua_scripts/awakening_ui.lua:794: attempt to index field '?' (a nil value)
2016-06-24_18:31:30 ERROR lua_scripts/awakening_ui.lua:771: attempt to compare nil with number
2016-06-24_18:31:30 ERROR lua_scripts/awakening_ui.lua:771: attempt to compare nil with number
2016-06-24_18:31:31 ERROR lua_scripts/awakening_ui.lua:727: attempt to compare nil with number
2016-06-24_18:32:02 ERROR lua_scripts/awakening_ui.lua:861: attempt to compare nil with number
2016-06-24_18:32:02 ERROR lua_scripts/awakening_ui.lua:861: attempt to compare nil with number
2016-06-24_18:32:02 ERROR lua_scripts/awakening_ui.lua:861: attempt to compare nil with number
2016-06-24_18:32:02 ERROR lua_scripts/awakening_ui.lua:861: attempt to compare nil with number
2016-06-24_18:32:02 ERROR lua_scripts/awakening_ui.lua:861: attempt to compare nil with number
2016-06-24_18:32:03 ERROR lua_scripts/awakening_ui.lua:861: attempt to compare nil with number
2016-06-24_18:32:03 ERROR lua_scripts/awakening_ui.lua:861: attempt to compare nil with number
2016-06-24_18:32:03 ERROR lua_scripts/awakening_ui.lua:861: attempt to compare nil with number
2016-06-24_18:32:03 ERROR lua_scripts/awakening_ui.lua:861: attempt to compare nil with number
2016-06-24_18:32:03 ERROR lua_scripts/awakening_ui.lua:861: attempt to compare nil with number
2016-06-24_18:32:03 ERROR lua_scripts/awakening_ui.lua:861: attempt to compare nil with number
2016-06-24_18:32:04 ERROR lua_scripts/awakening_ui.lua:861: attempt to compare nil with number
2016-06-24_18:33:28 ERROR lua_scripts/awakening_functions.lua:266: attempt to perform arithmetic on field '?' (a nil value)
2016-06-24_18:39:37 ERROR lua_scripts/awakening_functions.lua:266: attempt to perform arithmetic on field '?' (a nil value)
2016-06-24_18:46:49 ERROR lua_scripts/AIO_Objects.lua:889: assertion failed!
2016-06-24_18:50:55 ERROR lua_scripts/awakening_functions.lua:185: attempt to index local 'statquery' (a nil value)
2016-06-24_18:50:55 ERROR lua_scripts/awakening_ui.lua:717: attempt to concatenate field '?' (a nil value)
2016-06-24_18:53:25 ERROR lua_scripts/awakening_ui.lua:771: attempt to compare nil with number
2016-06-24_18:53:25 ERROR lua_scripts/awakening_ui.lua:771: attempt to compare nil with number
2016-06-24_18:53:26 ERROR lua_scripts/awakening_ui.lua:771: attempt to compare nil with number
2016-06-24_18:53:26 ERROR lua_scripts/awakening_ui.lua:861: attempt to compare nil with number
2016-06-24_18:53:26 ERROR lua_scripts/awakening_ui.lua:861: attempt to compare nil with number
2016-06-24_18:54:50 ERROR lua_scripts/awakening_functions.lua:185: attempt to index local 'statquery' (a nil value)
2016-06-24_18:54:50 ERROR lua_scripts/awakening_ui.lua:717: attempt to concatenate field '?' (a nil value)
2016-06-24_18:54:55 ERROR lua_scripts/awakening_ui.lua:717: attempt to concatenate field '?' (a nil value)
2016-06-24_19:44:47 ERROR lua_scripts/entropypvp.lua:149: attempt to index global 'killedguild' (a nil value)
2016-06-24_19:56:16 ERROR lua_scripts/awakening_functions.lua:185: attempt to index local 'statquery' (a nil value)
2016-06-24_19:56:16 ERROR lua_scripts/awakening_ui.lua:717: attempt to concatenate field '?' (a nil value)
2016-06-24_19:57:41 ERROR lua_scripts/awakening_functions.lua:266: attempt to perform arithmetic on field '?' (a nil value)
2016-06-24_20:04:59 ERROR lua_scripts/entropypvp.lua:149: attempt to index global 'killedguild' (a nil value)
2016-06-24_20:05:06 ERROR lua_scripts/entropypvp.lua:149: attempt to index global 'killedguild' (a nil value)
2016-06-24_20:05:23 ERROR lua_scripts/entropypvp.lua:149: attempt to index global 'killedguild' (a nil value)
2016-06-24_20:05:40 ERROR lua_scripts/entropypvp.lua:149: attempt to index global 'killedguild' (a nil value)
2016-06-24_20:07:22 ERROR lua_scripts/entropypvp.lua:149: attempt to index global 'killedguild' (a nil value)
2016-06-24_20:08:35 ERROR lua_scripts/entropypvp.lua:149: attempt to index global 'killedguild' (a nil value)
2016-06-24_20:10:51 ERROR lua_scripts/AIO_Objects.lua:889: assertion failed!
2016-06-24_20:10:54 ERROR lua_scripts/entropypvp.lua:192: attempt to concatenate global 'killerguild_name' (a nil value)
2016-06-24_20:11:09 ERROR lua_scripts/entropypvp.lua:192: attempt to concatenate global 'killerguild_name' (a nil value)
2016-06-24_20:11:31 ERROR lua_scripts/entropypvp.lua:192: attempt to concatenate global 'killerguild_name' (a nil value)
2016-06-24_20:11:42 ERROR lua_scripts/awakening_functions.lua:266: attempt to perform arithmetic on field '?' (a nil value)
2016-06-24_20:11:47 ERROR lua_scripts/awakening_ui.lua:771: attempt to compare nil with number
2016-06-24_20:11:47 ERROR lua_scripts/awakening_ui.lua:771: attempt to compare nil with number
2016-06-24_20:11:47 ERROR lua_scripts/awakening_ui.lua:771: attempt to compare nil with number
2016-06-24_20:11:48 ERROR lua_scripts/awakening_ui.lua:771: attempt to compare nil with number
2016-06-24_20:11:48 ERROR lua_scripts/awakening_ui.lua:771: attempt to compare nil with number
2016-06-24_20:11:48 ERROR lua_scripts/awakening_ui.lua:771: attempt to compare nil with number
2016-06-24_20:11:48 ERROR lua_scripts/awakening_ui.lua:771: attempt to compare nil with number
2016-06-24_20:11:48 ERROR lua_scripts/awakening_ui.lua:771: attempt to compare nil with number
2016-06-24_20:11:49 ERROR lua_scripts/awakening_ui.lua:771: attempt to compare nil with number
2016-06-24_20:11:53 ERROR lua_scripts/awakening_ui.lua:771: attempt to compare nil with number
2016-06-24_20:11:53 ERROR lua_scripts/awakening_ui.lua:771: attempt to compare nil with number
2016-06-24_20:11:54 ERROR lua_scripts/awakening_ui.lua:771: attempt to compare nil with number
2016-06-24_20:12:02 ERROR lua_scripts/awakening_ui.lua:717: attempt to concatenate field '?' (a nil value)
2016-06-24_20:12:06 ERROR lua_scripts/awakening_ui.lua:717: attempt to concatenate field '?' (a nil value)
2016-06-24_20:18:08 ERROR lua_scripts/awakening_functions.lua:266: attempt to perform arithmetic on field '?' (a nil value)
2016-06-24_20:19:39 ERROR lua_scripts/entropypvp.lua:192: attempt to concatenate global 'killerguild_name' (a nil value)
2016-06-24_20:19:56 ERROR lua_scripts/entropypvp.lua:192: attempt to concatenate global 'killerguild_name' (a nil value)
2016-06-24_20:20:01 ERROR lua_scripts/entropypvp.lua:192: attempt to concatenate global 'killerguild_name' (a nil value)
2016-06-24_20:20:06 ERROR lua_scripts/entropypvp.lua:192: attempt to concatenate global 'killerguild_name' (a nil value)
2016-06-24_20:21:03 ERROR lua_scripts/awakening_functions.lua:193: attempt to index local 'aura' (a nil value)
2016-06-24_20:24:35 ERROR lua_scripts/AIO_Objects.lua:889: assertion failed!
2016-06-24_20:39:28 ERROR lua_scripts/AIO_Objects.lua:889: assertion failed!
2016-06-24_20:52:59 ERROR lua_scripts/entropypvp.lua:192: attempt to concatenate global 'killerguild_name' (a nil value)
2016-06-24_21:33:12 ERROR lua_scripts/entropypvp.lua:192: attempt to concatenate global 'killerguild_name' (a nil value)
2016-06-24_21:39:52 ERROR lua_scripts/awakening_functions.lua:193: attempt to index local 'aura' (a nil value)
2016-06-24_21:40:33 ERROR lua_scripts/entropypvp.lua:192: attempt to concatenate global 'killerguild_name' (a nil value)
2016-06-24_21:40:43 ERROR lua_scripts/entropypvp.lua:192: attempt to concatenate global 'killerguild_name' (a nil value)
2016-06-24_21:42:56 ERROR lua_scripts/entropypvp.lua:192: attempt to concatenate global 'killerguild_name' (a nil value)
2016-06-24_22:00:46 ERROR lua_scripts/awakening_functions.lua:185: attempt to index local 'statquery' (a nil value)
2016-06-24_22:00:46 ERROR lua_scripts/awakening_ui.lua:717: attempt to concatenate field '?' (a nil value)
2016-06-24_22:06:46 ERROR lua_scripts/awakening_functions.lua:185: attempt to index local 'statquery' (a nil value)
2016-06-24_22:06:46 ERROR lua_scripts/awakening_ui.lua:717: attempt to concatenate field '?' (a nil value)
2016-06-24_22:12:28 ERROR lua_scripts/awakening_functions.lua:266: attempt to perform arithmetic on field '?' (a nil value)
2016-06-24_22:17:07 ERROR lua_scripts/awakening_functions.lua:266: attempt to perform arithmetic on field '?' (a nil value)
2016-06-24_22:27:14 ERROR lua_scripts/awakening_functions.lua:266: attempt to perform arithmetic on field '?' (a nil value)
2016-06-24_22:41:14 ERROR lua_scripts/awakening_functions.lua:266: attempt to perform arithmetic on field '?' (a nil value)
2016-06-24_22:56:10 ERROR lua_scripts/entropypvp.lua:192: attempt to concatenate global 'killerguild_name' (a nil value)
2016-06-24_23:01:25 ERROR lua_scripts/entropypvp.lua:192: attempt to concatenate global 'killerguild_name' (a nil value)
2016-06-24_23:12:56 ERROR lua_scripts/awakening_functions.lua:266: attempt to perform arithmetic on field '?' (a nil value)
2016-06-24_23:18:14 ERROR lua_scripts/awakening_functions.lua:185: attempt to index local 'statquery' (a nil value)
2016-06-24_23:18:15 ERROR lua_scripts/awakening_ui.lua:717: attempt to concatenate field '?' (a nil value)
2016-06-24_23:20:06 ERROR lua_scripts/awakening_ui.lua:771: attempt to compare nil with number
2016-06-24_23:20:13 ERROR lua_scripts/awakening_ui.lua:717: attempt to concatenate field '?' (a nil value)
2016-06-24_23:24:15 ERROR lua_scripts/awakening_functions.lua:266: attempt to perform arithmetic on field '?' (a nil value)
2016-06-24_23:24:39 ERROR lua_scripts/awakening_ui.lua:727: attempt to compare nil with number
2016-06-24_23:32:20 ERROR lua_scripts/awakening_functions.lua:266: attempt to perform arithmetic on field '?' (a nil value)
2016-06-24_23:32:29 ERROR lua_scripts/awakening_ui.lua:727: attempt to compare nil with number
2016-06-24_23:32:30 ERROR lua_scripts/awakening_ui.lua:727: attempt to compare nil with number
2016-06-24_23:32:30 ERROR lua_scripts/awakening_ui.lua:727: attempt to compare nil with number
2016-06-24_23:32:30 ERROR lua_scripts/awakening_ui.lua:727: attempt to compare nil with number
2016-06-24_23:32:31 ERROR lua_scripts/awakening_ui.lua:861: attempt to compare nil with number
2016-06-24_23:32:31 ERROR lua_scripts/awakening_ui.lua:861: attempt to compare nil with number
2016-06-24_23:39:54 ERROR lua_scripts/AIO_Objects.lua:889: assertion failed!
2016-06-25_00:00:44 ERROR lua_scripts/entropypvp.lua:192: attempt to concatenate global 'killerguild_name' (a nil value)
2016-06-25_00:01:22 ERROR lua_scripts/entropypvp.lua:192: attempt to concatenate global 'killerguild_name' (a nil value)
2016-06-25_00:50:23 ERROR lua_scripts/awakening_functions.lua:185: attempt to index local 'statquery' (a nil value)
2016-06-25_00:50:23 ERROR lua_scripts/awakening_ui.lua:717: attempt to concatenate field '?' (a nil value)
2016-06-25_00:53:35 ERROR lua_scripts/awakening_functions.lua:266: attempt to perform arithmetic on field '?' (a nil value)
2016-06-25_00:55:31 ERROR lua_scripts/awakening_ui.lua:771: attempt to compare nil with number
2016-06-25_00:57:23 ERROR lua_scripts/awakening_functions.lua:266: attempt to perform arithmetic on field '?' (a nil value)
2016-06-25_01:04:31 ERROR lua_scripts/awakening_functions.lua:266: attempt to perform arithmetic on field '?' (a nil value)
2016-06-25_01:20:00 ERROR lua_scripts/awakening_functions.lua:185: attempt to index local 'statquery' (a nil value)
2016-06-25_01:20:00 ERROR lua_scripts/awakening_ui.lua:717: attempt to concatenate field '?' (a nil value)
2016-06-25_01:25:54 ERROR lua_scripts/awakening_functions.lua:266: attempt to perform arithmetic on field '?' (a nil value)
2016-06-25_01:28:02 ERROR lua_scripts/awakening_functions.lua:266: attempt to perform arithmetic on field '?' (a nil value)
2016-06-25_01:35:36 ERROR lua_scripts/awakening_functions.lua:266: attempt to perform arithmetic on field '?' (a nil value)
2016-06-25_01:35:50 ERROR lua_scripts/awakening_functions.lua:266: attempt to perform arithmetic on field '?' (a nil value)
2016-06-25_01:48:30 ERROR lua_scripts/awakening_functions.lua:266: attempt to perform arithmetic on field '?' (a nil value)
2016-06-25_01:50:51 ERROR lua_scripts/awakening_functions.lua:266: attempt to perform arithmetic on field '?' (a nil value)
2016-06-25_01:52:57 ERROR lua_scripts/awakening_ui.lua:861: attempt to compare nil with number
2016-06-25_01:52:57 ERROR lua_scripts/awakening_ui.lua:861: attempt to compare nil with number
2016-06-25_01:52:57 ERROR lua_scripts/awakening_ui.lua:861: attempt to compare nil with number
2016-06-25_01:56:56 ERROR lua_scripts/awakening_ui.lua:861: attempt to compare nil with number
2016-06-25_01:56:57 ERROR lua_scripts/awakening_ui.lua:861: attempt to compare nil with number
2016-06-25_01:56:57 ERROR lua_scripts/awakening_ui.lua:861: attempt to compare nil with number
2016-06-25_01:56:57 ERROR lua_scripts/awakening_ui.lua:861: attempt to compare nil with number
2016-06-25_01:56:57 ERROR lua_scripts/awakening_ui.lua:861: attempt to compare nil with number
2016-06-25_01:56:57 ERROR lua_scripts/awakening_ui.lua:861: attempt to compare nil with number
2016-06-25_01:56:57 ERROR lua_scripts/awakening_ui.lua:861: attempt to compare nil with number
2016-06-25_01:56:57 ERROR lua_scripts/awakening_ui.lua:861: attempt to compare nil with number
2016-06-25_01:56:57 ERROR lua_scripts/awakening_ui.lua:861: attempt to compare nil with number
2016-06-25_01:56:58 ERROR lua_scripts/awakening_ui.lua:861: attempt to compare nil with number
2016-06-25_01:56:58 ERROR lua_scripts/awakening_ui.lua:861: attempt to compare nil with number
2016-06-25_01:56:58 ERROR lua_scripts/awakening_ui.lua:861: attempt to compare nil with number
2016-06-25_01:56:58 ERROR lua_scripts/awakening_ui.lua:861: attempt to compare nil with number
2016-06-25_01:56:58 ERROR lua_scripts/awakening_ui.lua:861: attempt to compare nil with number
2016-06-25_01:56:58 ERROR lua_scripts/awakening_ui.lua:861: attempt to compare nil with number
2016-06-25_01:56:58 ERROR lua_scripts/awakening_ui.lua:861: attempt to compare nil with number
2016-06-25_01:56:59 ERROR lua_scripts/awakening_ui.lua:861: attempt to compare nil with number
2016-06-25_03:28:45 ERROR lua_scripts/entropypvp.lua:192: attempt to concatenate global 'killerguild_name' (a nil value)
2016-06-25_03:30:54 ERROR lua_scripts/entropypvp.lua:192: attempt to concatenate global 'killerguild_name' (a nil value)
2016-06-25_04:44:05 ERROR lua_scripts/awakening_functions.lua:185: attempt to index local 'statquery' (a nil value)
2016-06-25_04:44:05 ERROR lua_scripts/awakening_ui.lua:717: attempt to concatenate field '?' (a nil value)
2016-06-25_04:49:51 ERROR lua_scripts/entropypvp.lua:204: attempt to concatenate global 'killerguild_name' (a nil value)
2016-06-25_05:52:48 ERROR lua_scripts/AIO_Objects.lua:889: assertion failed!
2016-06-25_05:58:12 ERROR lua_scripts/entropypvp.lua:192: attempt to concatenate global 'killerguild_name' (a nil value)
